[ 2016-11-22T09:27:12+08:00 ] ::1 /weiguanjia/
INFO: [ app_init ] --START--
INFO: Run Behavior\BuildLiteBehavior [ RunTime:0.000037s ]
INFO: [ app_init ] --END-- [ RunTime:0.035580s ]
INFO: [ app_begin ] --START--
INFO: Run Behavior\ReadHtmlCacheBehavior [ RunTime:0.001594s ]
INFO: [ app_begin ] --END-- [ RunTime:0.001780s ]
INFO: [ view_parse ] --START--
INFO: [ template_filter ] --START--
INFO: Run Behavior\ContentReplaceBehavior [ RunTime:0.019848s ]
INFO: [ template_filter ] --END-- [ RunTime:0.020094s ]
INFO: Run Behavior\ParseTemplateBehavior [ RunTime:0.130689s ]
INFO: [ view_parse ] --END-- [ RunTime:0.130936s ]
INFO: [ view_filter ] --START--
INFO: Run Behavior\WriteHtmlCacheBehavior [ RunTime:0.007016s ]
INFO: [ view_filter ] --END-- [ RunTime:0.007204s ]
INFO: [ app_end ] --START--
INFO: Run Behavior\ShowPageTraceBehavior [ RunTime:0.007531s ]
INFO: [ app_end ] --END-- [ RunTime:0.007820s ]

[ 2016-11-22T09:29:48+08:00 ] ::1 /weiguanjia/
INFO: [ app_init ] --START--
INFO: Run Behavior\BuildLiteBehavior [ RunTime:0.000153s ]
INFO: [ app_init ] --END-- [ RunTime:0.001741s ]
INFO: [ app_begin ] --START--
INFO: Run Behavior\ReadHtmlCacheBehavior [ RunTime:0.001098s ]
INFO: [ app_begin ] --END-- [ RunTime:0.001270s ]
INFO: [ view_parse ] --START--
INFO: [ template_filter ] --START--
INFO: Run Behavior\ContentReplaceBehavior [ RunTime:0.000158s ]
INFO: [ template_filter ] --END-- [ RunTime:0.000362s ]
INFO: Run Behavior\ParseTemplateBehavior [ RunTime:0.014982s ]
INFO: [ view_parse ] --END-- [ RunTime:0.015191s ]
INFO: [ view_filter ] --START--
INFO: Run Behavior\WriteHtmlCacheBehavior [ RunTime:0.000809s ]
INFO: [ view_filter ] --END-- [ RunTime:0.000972s ]
INFO: [ app_end ] --START--
INFO: Run Behavior\ShowPageTraceBehavior [ RunTime:0.001261s ]
INFO: [ app_end ] --END-- [ RunTime:0.001534s ]

[ 2016-11-22T09:30:29+08:00 ] ::1 /weiguanjia/home/view/login.html
INFO: [ app_init ] --START--
INFO: Run Behavior\BuildLiteBehavior [ RunTime:0.000041s ]
INFO: [ app_init ] --END-- [ RunTime:0.001049s ]
INFO: [ app_begin ] --START--
INFO: Run Behavior\ReadHtmlCacheBehavior [ RunTime:0.000866s ]
INFO: [ app_begin ] --END-- [ RunTime:0.001051s ]
ERR: 无法加载控制器:View

[ 2016-11-22T09:37:25+08:00 ] ::1 /weiguanjia/home/view/loginpage.html
INFO: [ app_init ] --START--
INFO: Run Behavior\BuildLiteBehavior [ RunTime:0.000062s ]
INFO: [ app_init ] --END-- [ RunTime:0.001102s ]
INFO: [ app_begin ] --START--
INFO: Run Behavior\ReadHtmlCacheBehavior [ RunTime:0.001022s ]
INFO: [ app_begin ] --END-- [ RunTime:0.001230s ]
ERR: 无法加载控制器:View

[ 2016-11-22T09:37:32+08:00 ] ::1 /weiguanjia/home/view/loginPage
INFO: [ app_init ] --START--
INFO: Run Behavior\BuildLiteBehavior [ RunTime:0.000037s ]
INFO: [ app_init ] --END-- [ RunTime:0.000910s ]
INFO: [ app_begin ] --START--
INFO: Run Behavior\ReadHtmlCacheBehavior [ RunTime:0.001170s ]
INFO: [ app_begin ] --END-- [ RunTime:0.001338s ]
ERR: 无法加载控制器:View

[ 2016-11-22T09:37:52+08:00 ] ::1 /weiguanjia/home/view/loginPage
INFO: [ app_init ] --START--
INFO: Run Behavior\BuildLiteBehavior [ RunTime:0.000038s ]
INFO: [ app_init ] --END-- [ RunTime:0.001079s ]
INFO: [ app_begin ] --START--
INFO: Run Behavior\ReadHtmlCacheBehavior [ RunTime:0.001014s ]
INFO: [ app_begin ] --END-- [ RunTime:0.001231s ]
ERR: 无法加载控制器:View

[ 2016-11-22T09:41:10+08:00 ] ::1 /weiguanjia/home/view
INFO: [ app_init ] --START--
INFO: Run Behavior\BuildLiteBehavior [ RunTime:0.000036s ]
INFO: [ app_init ] --END-- [ RunTime:0.000917s ]
INFO: [ app_begin ] --START--
INFO: Run Behavior\ReadHtmlCacheBehavior [ RunTime:0.001119s ]
INFO: [ app_begin ] --END-- [ RunTime:0.001323s ]
ERR: 无法加载控制器:View

[ 2016-11-22T09:41:21+08:00 ] ::1 /weiguanjia/home
INFO: [ app_init ] --START--
INFO: Run Behavior\BuildLiteBehavior [ RunTime:0.000037s ]
INFO: [ app_init ] --END-- [ RunTime:0.000937s ]
INFO: [ app_begin ] --START--
INFO: Run Behavior\ReadHtmlCacheBehavior [ RunTime:0.001093s ]
INFO: [ app_begin ] --END-- [ RunTime:0.001269s ]
INFO: [ view_parse ] --START--
INFO: [ template_filter ] --START--
INFO: Run Behavior\ContentReplaceBehavior [ RunTime:0.000130s ]
INFO: [ template_filter ] --END-- [ RunTime:0.000311s ]
INFO: Run Behavior\ParseTemplateBehavior [ RunTime:0.015111s ]
INFO: [ view_parse ] --END-- [ RunTime:0.015424s ]
INFO: [ view_filter ] --START--
INFO: Run Behavior\WriteHtmlCacheBehavior [ RunTime:0.000866s ]
INFO: [ view_filter ] --END-- [ RunTime:0.001019s ]
INFO: [ app_end ] --START--
INFO: Run Behavior\ShowPageTraceBehavior [ RunTime:0.001605s ]
INFO: [ app_end ] --END-- [ RunTime:0.002075s ]

[ 2016-11-22T09:44:19+08:00 ] ::1 /weiguanjia/home/UserManager
INFO: [ app_init ] --START--
INFO: Run Behavior\BuildLiteBehavior [ RunTime:0.000045s ]
INFO: [ app_init ] --END-- [ RunTime:0.000939s ]
INFO: [ app_begin ] --START--
INFO: Run Behavior\ReadHtmlCacheBehavior [ RunTime:0.001131s ]
INFO: [ app_begin ] --END-- [ RunTime:0.001322s ]
ERR: 非法操作:index

[ 2016-11-22T09:44:37+08:00 ] ::1 /weiguanjia/home/view/UserManager
INFO: [ app_init ] --START--
INFO: Run Behavior\BuildLiteBehavior [ RunTime:0.000037s ]
INFO: [ app_init ] --END-- [ RunTime:0.000897s ]
INFO: [ app_begin ] --START--
INFO: Run Behavior\ReadHtmlCacheBehavior [ RunTime:0.000896s ]
INFO: [ app_begin ] --END-- [ RunTime:0.001103s ]
ERR: 无法加载控制器:View

[ 2016-11-22T10:24:31+08:00 ] ::1 /weiguanjia/index.php/home/view/UserManager
INFO: [ app_init ] --START--
INFO: Run Behavior\BuildLiteBehavior [ RunTime:0.000042s ]
INFO: [ app_init ] --END-- [ RunTime:0.000839s ]
INFO: [ app_begin ] --START--
INFO: Run Behavior\ReadHtmlCacheBehavior [ RunTime:0.000993s ]
INFO: [ app_begin ] --END-- [ RunTime:0.001166s ]
ERR: 无法加载控制器:View

[ 2016-11-22T10:24:34+08:00 ] ::1 /weiguanjia/index.php/home/view/UserManager
INFO: [ app_init ] --START--
INFO: Run Behavior\BuildLiteBehavior [ RunTime:0.000036s ]
INFO: [ app_init ] --END-- [ RunTime:0.000815s ]
INFO: [ app_begin ] --START--
INFO: Run Behavior\ReadHtmlCacheBehavior [ RunTime:0.000764s ]
INFO: [ app_begin ] --END-- [ RunTime:0.000927s ]
ERR: 无法加载控制器:View

[ 2016-11-22T10:39:25+08:00 ] ::1 /weiguanjia/index.php/home/menu
INFO: [ app_init ] --START--
INFO: Run Behavior\BuildLiteBehavior [ RunTime:0.000040s ]
INFO: [ app_init ] --END-- [ RunTime:0.001323s ]
INFO: [ app_begin ] --START--
INFO: Run Behavior\ReadHtmlCacheBehavior [ RunTime:0.001362s ]
INFO: [ app_begin ] --END-- [ RunTime:0.001546s ]
ERR: 无法加载控制器:Menu

[ 2016-11-22T14:01:28+08:00 ] ::1 /weiguanjia/index.php/home/menu
INFO: [ app_init ] --START--
INFO: Run Behavior\BuildLiteBehavior [ RunTime:0.000036s ]
INFO: [ app_init ] --END-- [ RunTime:0.000876s ]
INFO: [ app_begin ] --START--
INFO: Run Behavior\ReadHtmlCacheBehavior [ RunTime:0.001292s ]
INFO: [ app_begin ] --END-- [ RunTime:0.001547s ]
ERR: 无法加载控制器:Menu

[ 2016-11-22T17:29:51+08:00 ] ::1 /weiguanjia/index.php/home/usermanager/register/
INFO: [ app_init ] --START--
INFO: Run Behavior\BuildLiteBehavior [ RunTime:0.000267s ]
INFO: [ app_init ] --END-- [ RunTime:0.040568s ]
INFO: [ app_begin ] --START--
INFO: Run Behavior\ReadHtmlCacheBehavior [ RunTime:0.002233s ]
INFO: [ app_begin ] --END-- [ RunTime:0.002510s ]
ERR: 无法加载控制器:Usermanager

[ 2016-11-22T17:29:56+08:00 ] ::1 /weiguanjia/index.php/home/usermanager/register/
INFO: [ app_init ] --START--
INFO: Run Behavior\BuildLiteBehavior [ RunTime:0.000036s ]
INFO: [ app_init ] --END-- [ RunTime:0.000752s ]
INFO: [ app_begin ] --START--
INFO: Run Behavior\ReadHtmlCacheBehavior [ RunTime:0.000795s ]
INFO: [ app_begin ] --END-- [ RunTime:0.000973s ]
ERR: 无法加载控制器:Usermanager

[ 2016-11-22T17:30:08+08:00 ] ::1 /weiguanjia/index.php/home/usermanager/register
INFO: [ app_init ] --START--
INFO: Run Behavior\BuildLiteBehavior [ RunTime:0.000035s ]
INFO: [ app_init ] --END-- [ RunTime:0.000885s ]
INFO: [ app_begin ] --START--
INFO: Run Behavior\ReadHtmlCacheBehavior [ RunTime:0.000821s ]
INFO: [ app_begin ] --END-- [ RunTime:0.001046s ]
ERR: 无法加载控制器:Usermanager

[ 2016-11-22T17:30:21+08:00 ] ::1 /weiguanjia/index.php/home/userManager/register
INFO: [ app_init ] --START--
INFO: Run Behavior\BuildLiteBehavior [ RunTime:0.000075s ]
INFO: [ app_init ] --END-- [ RunTime:0.001034s ]
INFO: [ app_begin ] --START--
INFO: Run Behavior\ReadHtmlCacheBehavior [ RunTime:0.000921s ]
INFO: [ app_begin ] --END-- [ RunTime:0.001092s ]

[ 2016-11-22T17:31:36+08:00 ] ::1 /weiguanjia/index.php/home/userManager/register
INFO: [ app_init ] --START--
INFO: Run Behavior\BuildLiteBehavior [ RunTime:0.000035s ]
INFO: [ app_init ] --END-- [ RunTime:0.000897s ]
INFO: [ app_begin ] --START--
INFO: Run Behavior\ReadHtmlCacheBehavior [ RunTime:0.001061s ]
INFO: [ app_begin ] --END-- [ RunTime:0.001333s ]

[ 2016-11-22T17:32:40+08:00 ] ::1 /weiguanjia/index.php/home/userManager/register
INFO: [ app_init ] --START--
INFO: Run Behavior\BuildLiteBehavior [ RunTime:0.000057s ]
INFO: [ app_init ] --END-- [ RunTime:0.001073s ]
INFO: [ app_begin ] --START--
INFO: Run Behavior\ReadHtmlCacheBehavior [ RunTime:0.001000s ]
INFO: [ app_begin ] --END-- [ RunTime:0.001196s ]
NOTIC: [2] preg_match(): Unknown modifier '\' E:\wamp\www\weiguanjia\Application\Home\Controller\UserManagerController.class.php 第 84 行.
NOTIC: [2] Missing argument 1 for Home\Controller\UserManagerController::check_verify(), called in E:\wamp\www\weiguanjia\Application\Home\Controller\UserManagerController.class.php on line 57 and defined E:\wamp\www\weiguanjia\Application\Home\Controller\UserManagerController.class.php 第 104 行.
NOTIC: [8] Undefined variable: code E:\wamp\www\weiguanjia\Application\Home\Controller\UserManagerController.class.php 第 106 行.
ERR: 模板不存在:./Application/Home/View/UserManager/registerPage.html.html

[ 2016-11-22T17:33:13+08:00 ] ::1 /weiguanjia/index.php/home/userManager/register
INFO: [ app_init ] --START--
INFO: Run Behavior\BuildLiteBehavior [ RunTime:0.000037s ]
INFO: [ app_init ] --END-- [ RunTime:0.000928s ]
INFO: [ app_begin ] --START--
INFO: Run Behavior\ReadHtmlCacheBehavior [ RunTime:0.000862s ]
INFO: [ app_begin ] --END-- [ RunTime:0.001077s ]
NOTIC: [2] preg_match(): Unknown modifier '\' E:\wamp\www\weiguanjia\Application\Home\Controller\UserManagerController.class.php 第 84 行.
NOTIC: [2] Missing argument 1 for Home\Controller\UserManagerController::check_verify(), called in E:\wamp\www\weiguanjia\Application\Home\Controller\UserManagerController.class.php on line 57 and defined E:\wamp\www\weiguanjia\Application\Home\Controller\UserManagerController.class.php 第 104 行.
NOTIC: [8] Undefined variable: code E:\wamp\www\weiguanjia\Application\Home\Controller\UserManagerController.class.php 第 106 行.
INFO: [ view_parse ] --START--
INFO: [ template_filter ] --START--
INFO: Run Behavior\ContentReplaceBehavior [ RunTime:0.001669s ]
INFO: [ template_filter ] --END-- [ RunTime:0.001850s ]
INFO: Run Behavior\ParseTemplateBehavior [ RunTime:0.320699s ]
INFO: [ view_parse ] --END-- [ RunTime:0.320882s ]
INFO: [ view_filter ] --START--
INFO: Run Behavior\WriteHtmlCacheBehavior [ RunTime:0.049096s ]
INFO: [ view_filter ] --END-- [ RunTime:0.049342s ]
INFO: [ app_end ] --START--
INFO: Run Behavior\ShowPageTraceBehavior [ RunTime:0.012593s ]
INFO: [ app_end ] --END-- [ RunTime:0.012790s ]

[ 2016-11-22T17:33:47+08:00 ] ::1 /weiguanjia/index.php/home/userManager/register
INFO: [ app_init ] --START--
INFO: Run Behavior\BuildLiteBehavior [ RunTime:0.000078s ]
INFO: [ app_init ] --END-- [ RunTime:0.002045s ]
INFO: [ app_begin ] --START--
INFO: Run Behavior\ReadHtmlCacheBehavior [ RunTime:0.001111s ]
INFO: [ app_begin ] --END-- [ RunTime:0.001313s ]
NOTIC: [2] preg_match(): Unknown modifier '\' E:\wamp\www\weiguanjia\Application\Home\Controller\UserManagerController.class.php 第 84 行.
NOTIC: [2] Missing argument 1 for Home\Controller\UserManagerController::check_verify(), called in E:\wamp\www\weiguanjia\Application\Home\Controller\UserManagerController.class.php on line 57 and defined E:\wamp\www\weiguanjia\Application\Home\Controller\UserManagerController.class.php 第 104 行.
NOTIC: [8] Undefined variable: code E:\wamp\www\weiguanjia\Application\Home\Controller\UserManagerController.class.php 第 106 行.
INFO: [ view_parse ] --START--
INFO: [ template_filter ] --START--
INFO: Run Behavior\ContentReplaceBehavior [ RunTime:0.000104s ]
INFO: [ template_filter ] --END-- [ RunTime:0.000283s ]
INFO: Run Behavior\ParseTemplateBehavior [ RunTime:0.013183s ]
INFO: [ view_parse ] --END-- [ RunTime:0.013375s ]
INFO: [ view_filter ] --START--
INFO: Run Behavior\WriteHtmlCacheBehavior [ RunTime:0.000560s ]
INFO: [ view_filter ] --END-- [ RunTime:0.000713s ]
INFO: [ app_end ] --START--
INFO: Run Behavior\ShowPageTraceBehavior [ RunTime:0.000764s ]
INFO: [ app_end ] --END-- [ RunTime:0.000949s ]

[ 2016-11-22T17:34:35+08:00 ] ::1 /weiguanjia/index.php/home/userManager/register?username=3847573859%40qq.com&password=qwert12345&affirm_password=qwert12345&verify_code=
INFO: [ app_init ] --START--
INFO: Run Behavior\BuildLiteBehavior [ RunTime:0.000037s ]
INFO: [ app_init ] --END-- [ RunTime:0.000873s ]
INFO: [ app_begin ] --START--
INFO: Run Behavior\ReadHtmlCacheBehavior [ RunTime:0.001041s ]
INFO: [ app_begin ] --END-- [ RunTime:0.001243s ]
NOTIC: [2] preg_match(): Unknown modifier '\' E:\wamp\www\weiguanjia\Application\Home\Controller\UserManagerController.class.php 第 84 行.
NOTIC: [2] Missing argument 1 for Home\Controller\UserManagerController::check_verify(), called in E:\wamp\www\weiguanjia\Application\Home\Controller\UserManagerController.class.php on line 57 and defined E:\wamp\www\weiguanjia\Application\Home\Controller\UserManagerController.class.php 第 104 行.
NOTIC: [8] Undefined variable: code E:\wamp\www\weiguanjia\Application\Home\Controller\UserManagerController.class.php 第 106 行.
INFO: [ view_parse ] --START--
INFO: [ template_filter ] --START--
INFO: Run Behavior\ContentReplaceBehavior [ RunTime:0.000114s ]
INFO: [ template_filter ] --END-- [ RunTime:0.000283s ]
INFO: Run Behavior\ParseTemplateBehavior [ RunTime:0.011239s ]
INFO: [ view_parse ] --END-- [ RunTime:0.011438s ]
INFO: [ view_filter ] --START--
INFO: Run Behavior\WriteHtmlCacheBehavior [ RunTime:0.001228s ]
INFO: [ view_filter ] --END-- [ RunTime:0.001480s ]
INFO: [ app_end ] --START--
INFO: Run Behavior\ShowPageTraceBehavior [ RunTime:0.001040s ]
INFO: [ app_end ] --END-- [ RunTime:0.001240s ]

[ 2016-11-22T17:38:23+08:00 ] ::1 /weiguanjia/index.php/home/userManager/getVerify
INFO: [ app_init ] --START--
INFO: Run Behavior\BuildLiteBehavior [ RunTime:0.000035s ]
INFO: [ app_init ] --END-- [ RunTime:0.000884s ]
INFO: [ app_begin ] --START--
INFO: Run Behavior\ReadHtmlCacheBehavior [ RunTime:0.001021s ]
INFO: [ app_begin ] --END-- [ RunTime:0.001183s ]
ERR: 非法操作:getVerify

[ 2016-11-22T17:41:29+08:00 ] ::1 /weiguanjia/index.php/home/userManager/register
INFO: [ app_init ] --START--
INFO: Run Behavior\BuildLiteBehavior [ RunTime:0.000036s ]
INFO: [ app_init ] --END-- [ RunTime:0.000863s ]
INFO: [ app_begin ] --START--
INFO: Run Behavior\ReadHtmlCacheBehavior [ RunTime:0.001805s ]
INFO: [ app_begin ] --END-- [ RunTime:0.002348s ]
NOTIC: [2] preg_match(): Unknown modifier '\' E:\wamp\www\weiguanjia\Application\Home\Controller\UserManagerController.class.php 第 84 行.
NOTIC: [2] Missing argument 1 for Home\Controller\UserManagerController::check_verify(), called in E:\wamp\www\weiguanjia\Application\Home\Controller\UserManagerController.class.php on line 57 and defined E:\wamp\www\weiguanjia\Application\Home\Controller\UserManagerController.class.php 第 104 行.
NOTIC: [8] Undefined variable: code E:\wamp\www\weiguanjia\Application\Home\Controller\UserManagerController.class.php 第 106 行.
INFO: [ view_parse ] --START--
INFO: [ template_filter ] --START--
INFO: Run Behavior\ContentReplaceBehavior [ RunTime:0.000113s ]
INFO: [ template_filter ] --END-- [ RunTime:0.000301s ]
INFO: Run Behavior\ParseTemplateBehavior [ RunTime:0.019794s ]
INFO: [ view_parse ] --END-- [ RunTime:0.019969s ]
INFO: [ view_filter ] --START--
INFO: Run Behavior\WriteHtmlCacheBehavior [ RunTime:0.000791s ]
INFO: [ view_filter ] --END-- [ RunTime:0.000941s ]
INFO: [ app_end ] --START--
INFO: Run Behavior\ShowPageTraceBehavior [ RunTime:0.001181s ]
INFO: [ app_end ] --END-- [ RunTime:0.001360s ]

[ 2016-11-22T17:42:15+08:00 ] ::1 /weiguanjia/index.php/home/userManager/register
INFO: [ app_init ] --START--
INFO: Run Behavior\BuildLiteBehavior [ RunTime:0.000036s ]
INFO: [ app_init ] --END-- [ RunTime:0.000741s ]
INFO: [ app_begin ] --START--
INFO: Run Behavior\ReadHtmlCacheBehavior [ RunTime:0.000861s ]
INFO: [ app_begin ] --END-- [ RunTime:0.001030s ]
NOTIC: [2] preg_match(): Unknown modifier '\' E:\wamp\www\weiguanjia\Application\Home\Controller\UserManagerController.class.php 第 84 行.
NOTIC: [2] Missing argument 1 for Home\Controller\UserManagerController::check_verify(), called in E:\wamp\www\weiguanjia\Application\Home\Controller\UserManagerController.class.php on line 57 and defined E:\wamp\www\weiguanjia\Application\Home\Controller\UserManagerController.class.php 第 104 行.
NOTIC: [8] Undefined variable: code E:\wamp\www\weiguanjia\Application\Home\Controller\UserManagerController.class.php 第 106 行.
INFO: [ view_parse ] --START--
INFO: [ template_filter ] --START--
INFO: Run Behavior\ContentReplaceBehavior [ RunTime:0.000156s ]
INFO: [ template_filter ] --END-- [ RunTime:0.000424s ]
INFO: Run Behavior\ParseTemplateBehavior [ RunTime:0.012951s ]
INFO: [ view_parse ] --END-- [ RunTime:0.013234s ]
INFO: [ view_filter ] --START--
INFO: Run Behavior\WriteHtmlCacheBehavior [ RunTime:0.001025s ]
INFO: [ view_filter ] --END-- [ RunTime:0.001439s ]
INFO: [ app_end ] --START--
INFO: Run Behavior\ShowPageTraceBehavior [ RunTime:0.000836s ]
INFO: [ app_end ] --END-- [ RunTime:0.000982s ]

[ 2016-11-22T17:42:15+08:00 ] ::1 /weiguanjia/Home/UserManager/getVerify
INFO: [ app_init ] --START--
INFO: Run Behavior\BuildLiteBehavior [ RunTime:0.000059s ]
INFO: [ app_init ] --END-- [ RunTime:0.001370s ]
INFO: [ app_begin ] --START--
INFO: Run Behavior\ReadHtmlCacheBehavior [ RunTime:0.002231s ]
INFO: [ app_begin ] --END-- [ RunTime:0.002692s ]
ERR: 非法操作:getVerify

[ 2016-11-22T17:43:24+08:00 ] ::1 /weiguanjia/index.php/home/userManager/getVerify
INFO: [ app_init ] --START--
INFO: Run Behavior\BuildLiteBehavior [ RunTime:0.000106s ]
INFO: [ app_init ] --END-- [ RunTime:0.002288s ]
INFO: [ app_begin ] --START--
INFO: Run Behavior\ReadHtmlCacheBehavior [ RunTime:0.000798s ]
INFO: [ app_begin ] --END-- [ RunTime:0.000956s ]
ERR: 非法操作:getVerify

[ 2016-11-22T17:43:56+08:00 ] ::1 /weiguanjia/index.php/home/userManager/getVerify
INFO: [ app_init ] --START--
INFO: Run Behavior\BuildLiteBehavior [ RunTime:0.000036s ]
INFO: [ app_init ] --END-- [ RunTime:0.000855s ]
INFO: [ app_begin ] --START--
INFO: Run Behavior\ReadHtmlCacheBehavior [ RunTime:0.000845s ]
INFO: [ app_begin ] --END-- [ RunTime:0.001012s ]
INFO: [ app_end ] --START--
INFO: Run Behavior\ShowPageTraceBehavior [ RunTime:0.002124s ]
INFO: [ app_end ] --END-- [ RunTime:0.002414s ]

[ 2016-11-22T17:44:32+08:00 ] ::1 /weiguanjia/index.php/home/userManager/register
INFO: [ app_init ] --START--
INFO: Run Behavior\BuildLiteBehavior [ RunTime:0.000033s ]
INFO: [ app_init ] --END-- [ RunTime:0.000906s ]
INFO: [ app_begin ] --START--
INFO: Run Behavior\ReadHtmlCacheBehavior [ RunTime:0.001049s ]
INFO: [ app_begin ] --END-- [ RunTime:0.001224s ]
NOTIC: [2] preg_match(): Unknown modifier '\' E:\wamp\www\weiguanjia\Application\Home\Controller\UserManagerController.class.php 第 84 行.
NOTIC: [2] Missing argument 1 for Home\Controller\UserManagerController::check_verify(), called in E:\wamp\www\weiguanjia\Application\Home\Controller\UserManagerController.class.php on line 57 and defined E:\wamp\www\weiguanjia\Application\Home\Controller\UserManagerController.class.php 第 104 行.
NOTIC: [8] Undefined variable: code E:\wamp\www\weiguanjia\Application\Home\Controller\UserManagerController.class.php 第 106 行.
INFO: [ view_parse ] --START--
INFO: [ template_filter ] --START--
INFO: Run Behavior\ContentReplaceBehavior [ RunTime:0.000098s ]
INFO: [ template_filter ] --END-- [ RunTime:0.000262s ]
INFO: Run Behavior\ParseTemplateBehavior [ RunTime:0.011284s ]
INFO: [ view_parse ] --END-- [ RunTime:0.011464s ]
INFO: [ view_filter ] --START--
INFO: Run Behavior\WriteHtmlCacheBehavior [ RunTime:0.000783s ]
INFO: [ view_filter ] --END-- [ RunTime:0.000925s ]
INFO: [ app_end ] --START--
INFO: Run Behavior\ShowPageTraceBehavior [ RunTime:0.002091s ]
INFO: [ app_end ] --END-- [ RunTime:0.002307s ]

[ 2016-11-22T17:44:32+08:00 ] ::1 /weiguanjia/Home/UserManager/getVerify
INFO: [ app_init ] --START--
INFO: Run Behavior\BuildLiteBehavior [ RunTime:0.000068s ]
INFO: [ app_init ] --END-- [ RunTime:0.001456s ]
INFO: [ app_begin ] --START--
INFO: Run Behavior\ReadHtmlCacheBehavior [ RunTime:0.001363s ]
INFO: [ app_begin ] --END-- [ RunTime:0.001700s ]
INFO: [ app_end ] --START--
INFO: Run Behavior\ShowPageTraceBehavior [ RunTime:0.000976s ]
INFO: [ app_end ] --END-- [ RunTime:0.001163s ]

[ 2016-11-22T23:11:31+08:00 ] ::1 /weiguanjia/
INFO: [ app_init ] --START--
INFO: Run Behavior\BuildLiteBehavior [ RunTime:0.000038s ]
INFO: [ app_init ] --END-- [ RunTime:0.045161s ]
INFO: [ app_begin ] --START--
INFO: Run Behavior\ReadHtmlCacheBehavior [ RunTime:0.001593s ]
INFO: [ app_begin ] --END-- [ RunTime:0.001767s ]
INFO: [ view_parse ] --START--
INFO: [ template_filter ] --START--
INFO: Run Behavior\ContentReplaceBehavior [ RunTime:0.011273s ]
INFO: [ template_filter ] --END-- [ RunTime:0.011463s ]
INFO: Run Behavior\ParseTemplateBehavior [ RunTime:0.117558s ]
INFO: [ view_parse ] --END-- [ RunTime:0.117763s ]
INFO: [ view_filter ] --START--
INFO: Run Behavior\WriteHtmlCacheBehavior [ RunTime:0.016076s ]
INFO: [ view_filter ] --END-- [ RunTime:0.016249s ]
INFO: [ app_end ] --START--
INFO: Run Behavior\ShowPageTraceBehavior [ RunTime:0.015360s ]
INFO: [ app_end ] --END-- [ RunTime:0.015531s ]

[ 2016-11-22T23:11:44+08:00 ] ::1 /weiguanjia/index.php/home/userManager/register
INFO: [ app_init ] --START--
INFO: Run Behavior\BuildLiteBehavior [ RunTime:0.000036s ]
INFO: [ app_init ] --END-- [ RunTime:0.000932s ]
INFO: [ app_begin ] --START--
INFO: Run Behavior\ReadHtmlCacheBehavior [ RunTime:0.001028s ]
INFO: [ app_begin ] --END-- [ RunTime:0.001192s ]
NOTIC: [2] preg_match(): Unknown modifier '\' E:\wamp\www\weiguanjia\Application\Home\Controller\UserManagerController.class.php 第 117 行.
NOTIC: [2] Missing argument 1 for Home\Controller\UserManagerController::check_verify(), called in E:\wamp\www\weiguanjia\Application\Home\Controller\UserManagerController.class.php on line 90 and defined E:\wamp\www\weiguanjia\Application\Home\Controller\UserManagerController.class.php 第 137 行.
NOTIC: [8] Undefined variable: code E:\wamp\www\weiguanjia\Application\Home\Controller\UserManagerController.class.php 第 139 行.
INFO: [ view_parse ] --START--
INFO: [ template_filter ] --START--
INFO: Run Behavior\ContentReplaceBehavior [ RunTime:0.000102s ]
INFO: [ template_filter ] --END-- [ RunTime:0.000256s ]
INFO: Run Behavior\ParseTemplateBehavior [ RunTime:0.018401s ]
INFO: [ view_parse ] --END-- [ RunTime:0.018731s ]
INFO: [ view_filter ] --START--
INFO: Run Behavior\WriteHtmlCacheBehavior [ RunTime:0.001028s ]
INFO: [ view_filter ] --END-- [ RunTime:0.001345s ]
INFO: [ app_end ] --START--
INFO: Run Behavior\ShowPageTraceBehavior [ RunTime:0.001164s ]
INFO: [ app_end ] --END-- [ RunTime:0.001357s ]

[ 2016-11-22T23:11:44+08:00 ] ::1 /weiguanjia/Home/UserManager/getVerify
INFO: [ app_init ] --START--
INFO: Run Behavior\BuildLiteBehavior [ RunTime:0.000035s ]
INFO: [ app_init ] --END-- [ RunTime:0.000779s ]
INFO: [ app_begin ] --START--
INFO: Run Behavior\ReadHtmlCacheBehavior [ RunTime:0.000770s ]
INFO: [ app_begin ] --END-- [ RunTime:0.000929s ]
INFO: [ app_end ] --START--
INFO: Run Behavior\ShowPageTraceBehavior [ RunTime:0.000998s ]
INFO: [ app_end ] --END-- [ RunTime:0.001181s ]

[ 2016-11-22T23:11:48+08:00 ] ::1 /weiguanjia//home/userManager/register
INFO: [ app_init ] --START--
INFO: Run Behavior\BuildLiteBehavior [ RunTime:0.000054s ]
INFO: [ app_init ] --END-- [ RunTime:0.000938s ]
INFO: [ app_begin ] --START--
INFO: Run Behavior\ReadHtmlCacheBehavior [ RunTime:0.000802s ]
INFO: [ app_begin ] --END-- [ RunTime:0.000966s ]
NOTIC: [2] preg_match(): Unknown modifier '\' E:\wamp\www\weiguanjia\Application\Home\Controller\UserManagerController.class.php 第 117 行.
NOTIC: [2] Missing argument 1 for Home\Controller\UserManagerController::check_verify(), called in E:\wamp\www\weiguanjia\Application\Home\Controller\UserManagerController.class.php on line 90 and defined E:\wamp\www\weiguanjia\Application\Home\Controller\UserManagerController.class.php 第 137 行.
NOTIC: [8] Undefined variable: code E:\wamp\www\weiguanjia\Application\Home\Controller\UserManagerController.class.php 第 139 行.
INFO: [ view_parse ] --START--
INFO: [ template_filter ] --START--
INFO: Run Behavior\ContentReplaceBehavior [ RunTime:0.000099s ]
INFO: [ template_filter ] --END-- [ RunTime:0.000254s ]
INFO: Run Behavior\ParseTemplateBehavior [ RunTime:0.010575s ]
INFO: [ view_parse ] --END-- [ RunTime:0.010759s ]
INFO: [ view_filter ] --START--
INFO: Run Behavior\WriteHtmlCacheBehavior [ RunTime:0.001008s ]
INFO: [ view_filter ] --END-- [ RunTime:0.001159s ]
INFO: [ app_end ] --START--
INFO: Run Behavior\ShowPageTraceBehavior [ RunTime:0.000820s ]
INFO: [ app_end ] --END-- [ RunTime:0.000975s ]

[ 2016-11-22T23:11:48+08:00 ] ::1 /weiguanjia/Home/UserManager/getVerify
INFO: [ app_init ] --START--
INFO: Run Behavior\BuildLiteBehavior [ RunTime:0.000039s ]
INFO: [ app_init ] --END-- [ RunTime:0.001094s ]
INFO: [ app_begin ] --START--
INFO: Run Behavior\ReadHtmlCacheBehavior [ RunTime:0.001349s ]
INFO: [ app_begin ] --END-- [ RunTime:0.001613s ]
INFO: [ app_end ] --START--
INFO: Run Behavior\ShowPageTraceBehavior [ RunTime:0.001145s ]
INFO: [ app_end ] --END-- [ RunTime:0.001420s ]

[ 2016-11-22T23:12:07+08:00 ] ::1 /weiguanjia//home/userManager/register
INFO: [ app_init ] --START--
INFO: Run Behavior\BuildLiteBehavior [ RunTime:0.000033s ]
INFO: [ app_init ] --END-- [ RunTime:0.000864s ]
INFO: [ app_begin ] --START--
INFO: Run Behavior\ReadHtmlCacheBehavior [ RunTime:0.001121s ]
INFO: [ app_begin ] --END-- [ RunTime:0.001297s ]
NOTIC: [2] preg_match(): Unknown modifier '\' E:\wamp\www\weiguanjia\Application\Home\Controller\UserManagerController.class.php 第 117 行.
NOTIC: [2] Missing argument 1 for Home\Controller\UserManagerController::check_verify(), called in E:\wamp\www\weiguanjia\Application\Home\Controller\UserManagerController.class.php on line 90 and defined E:\wamp\www\weiguanjia\Application\Home\Controller\UserManagerController.class.php 第 137 行.
NOTIC: [8] Undefined variable: code E:\wamp\www\weiguanjia\Application\Home\Controller\UserManagerController.class.php 第 139 行.
INFO: [ view_parse ] --START--
INFO: [ template_filter ] --START--
INFO: Run Behavior\ContentReplaceBehavior [ RunTime:0.000098s ]
INFO: [ template_filter ] --END-- [ RunTime:0.000249s ]
INFO: Run Behavior\ParseTemplateBehavior [ RunTime:0.011719s ]
INFO: [ view_parse ] --END-- [ RunTime:0.011906s ]
INFO: [ view_filter ] --START--
INFO: Run Behavior\WriteHtmlCacheBehavior [ RunTime:0.000966s ]
INFO: [ view_filter ] --END-- [ RunTime:0.001150s ]
INFO: [ app_end ] --START--
INFO: Run Behavior\ShowPageTraceBehavior [ RunTime:0.001267s ]
INFO: [ app_end ] --END-- [ RunTime:0.001428s ]

[ 2016-11-22T23:12:07+08:00 ] ::1 /weiguanjia/Home/UserManager/getVerify
INFO: [ app_init ] --START--
INFO: Run Behavior\BuildLiteBehavior [ RunTime:0.000063s ]
INFO: [ app_init ] --END-- [ RunTime:0.001314s ]
INFO: [ app_begin ] --START--
INFO: Run Behavior\ReadHtmlCacheBehavior [ RunTime:0.000905s ]
INFO: [ app_begin ] --END-- [ RunTime:0.001176s ]
INFO: [ app_end ] --START--
INFO: Run Behavior\ShowPageTraceBehavior [ RunTime:0.001449s ]
INFO: [ app_end ] --END-- [ RunTime:0.001794s ]

[ 2016-11-22T23:12:28+08:00 ] ::1 /weiguanjia//home/userManager/register
INFO: [ app_init ] --START--
INFO: Run Behavior\BuildLiteBehavior [ RunTime:0.000070s ]
INFO: [ app_init ] --END-- [ RunTime:0.001061s ]
INFO: [ app_begin ] --START--
INFO: Run Behavior\ReadHtmlCacheBehavior [ RunTime:0.001164s ]
INFO: [ app_begin ] --END-- [ RunTime:0.001429s ]
NOTIC: [2] preg_match(): Unknown modifier '\' E:\wamp\www\weiguanjia\Application\Home\Controller\UserManagerController.class.php 第 117 行.
NOTIC: [2] Missing argument 1 for Home\Controller\UserManagerController::check_verify(), called in E:\wamp\www\weiguanjia\Application\Home\Controller\UserManagerController.class.php on line 90 and defined E:\wamp\www\weiguanjia\Application\Home\Controller\UserManagerController.class.php 第 137 行.
NOTIC: [8] Undefined variable: code E:\wamp\www\weiguanjia\Application\Home\Controller\UserManagerController.class.php 第 139 行.
INFO: [ view_parse ] --START--
INFO: [ template_filter ] --START--
INFO: Run Behavior\ContentReplaceBehavior [ RunTime:0.000098s ]
INFO: [ template_filter ] --END-- [ RunTime:0.000253s ]
INFO: Run Behavior\ParseTemplateBehavior [ RunTime:0.010227s ]
INFO: [ view_parse ] --END-- [ RunTime:0.010596s ]
INFO: [ view_filter ] --START--
INFO: Run Behavior\WriteHtmlCacheBehavior [ RunTime:0.000694s ]
INFO: [ view_filter ] --END-- [ RunTime:0.000903s ]
INFO: [ app_end ] --START--
INFO: Run Behavior\ShowPageTraceBehavior [ RunTime:0.000761s ]
INFO: [ app_end ] --END-- [ RunTime:0.000905s ]

[ 2016-11-22T23:12:28+08:00 ] ::1 /weiguanjia/Home/UserManager/getVerify
INFO: [ app_init ] --START--
INFO: Run Behavior\BuildLiteBehavior [ RunTime:0.000038s ]
INFO: [ app_init ] --END-- [ RunTime:0.001115s ]
INFO: [ app_begin ] --START--
INFO: Run Behavior\ReadHtmlCacheBehavior [ RunTime:0.001488s ]
INFO: [ app_begin ] --END-- [ RunTime:0.001741s ]
INFO: [ app_end ] --START--
INFO: Run Behavior\ShowPageTraceBehavior [ RunTime:0.001191s ]
INFO: [ app_end ] --END-- [ RunTime:0.001967s ]

[ 2016-11-22T23:12:35+08:00 ] ::1 /weiguanjia//home/userManager/register
INFO: [ app_init ] --START--
INFO: Run Behavior\BuildLiteBehavior [ RunTime:0.000036s ]
INFO: [ app_init ] --END-- [ RunTime:0.001182s ]
INFO: [ app_begin ] --START--
INFO: Run Behavior\ReadHtmlCacheBehavior [ RunTime:0.001261s ]
INFO: [ app_begin ] --END-- [ RunTime:0.001501s ]
NOTIC: [2] preg_match(): Unknown modifier '\' E:\wamp\www\weiguanjia\Application\Home\Controller\UserManagerController.class.php 第 117 行.
NOTIC: [2] Missing argument 1 for Home\Controller\UserManagerController::check_verify(), called in E:\wamp\www\weiguanjia\Application\Home\Controller\UserManagerController.class.php on line 90 and defined E:\wamp\www\weiguanjia\Application\Home\Controller\UserManagerController.class.php 第 137 行.
NOTIC: [8] Undefined variable: code E:\wamp\www\weiguanjia\Application\Home\Controller\UserManagerController.class.php 第 139 行.
INFO: [ view_parse ] --START--
INFO: [ template_filter ] --START--
INFO: Run Behavior\ContentReplaceBehavior [ RunTime:0.000180s ]
INFO: [ template_filter ] --END-- [ RunTime:0.000477s ]
INFO: Run Behavior\ParseTemplateBehavior [ RunTime:0.013920s ]
INFO: [ view_parse ] --END-- [ RunTime:0.014160s ]
INFO: [ view_filter ] --START--
INFO: Run Behavior\WriteHtmlCacheBehavior [ RunTime:0.000967s ]
INFO: [ view_filter ] --END-- [ RunTime:0.001173s ]
INFO: [ app_end ] --START--
INFO: Run Behavior\ShowPageTraceBehavior [ RunTime:0.000930s ]
INFO: [ app_end ] --END-- [ RunTime:0.001080s ]

[ 2016-11-22T23:12:35+08:00 ] ::1 /weiguanjia/Home/UserManager/getVerify
INFO: [ app_init ] --START--
INFO: Run Behavior\BuildLiteBehavior [ RunTime:0.000061s ]
INFO: [ app_init ] --END-- [ RunTime:0.001351s ]
INFO: [ app_begin ] --START--
INFO: Run Behavior\ReadHtmlCacheBehavior [ RunTime:0.001387s ]
INFO: [ app_begin ] --END-- [ RunTime:0.001667s ]
INFO: [ app_end ] --START--
INFO: Run Behavior\ShowPageTraceBehavior [ RunTime:0.001096s ]
INFO: [ app_end ] --END-- [ RunTime:0.001288s ]

[ 2016-11-22T23:12:47+08:00 ] ::1 /weiguanjia//home/userManager/login
INFO: [ app_init ] --START--
INFO: Run Behavior\BuildLiteBehavior [ RunTime:0.000038s ]
INFO: [ app_init ] --END-- [ RunTime:0.001178s ]
INFO: [ app_begin ] --START--
INFO: Run Behavior\ReadHtmlCacheBehavior [ RunTime:0.000776s ]
INFO: [ app_begin ] --END-- [ RunTime:0.000940s ]
ERR: 无法加载数据库驱动: Think\Db\Driver\

[ 2016-11-22T23:12:58+08:00 ] ::1 /weiguanjia/home/userManager/register
INFO: [ app_init ] --START--
INFO: Run Behavior\BuildLiteBehavior [ RunTime:0.000039s ]
INFO: [ app_init ] --END-- [ RunTime:0.001359s ]
INFO: [ app_begin ] --START--
INFO: Run Behavior\ReadHtmlCacheBehavior [ RunTime:0.001086s ]
INFO: [ app_begin ] --END-- [ RunTime:0.001261s ]
NOTIC: [2] preg_match(): Unknown modifier '\' E:\wamp\www\weiguanjia\Application\Home\Controller\UserManagerController.class.php 第 117 行.
NOTIC: [2] Missing argument 1 for Home\Controller\UserManagerController::check_verify(), called in E:\wamp\www\weiguanjia\Application\Home\Controller\UserManagerController.class.php on line 90 and defined E:\wamp\www\weiguanjia\Application\Home\Controller\UserManagerController.class.php 第 137 行.
NOTIC: [8] Undefined variable: code E:\wamp\www\weiguanjia\Application\Home\Controller\UserManagerController.class.php 第 139 行.
INFO: [ view_parse ] --START--
INFO: [ template_filter ] --START--
INFO: Run Behavior\ContentReplaceBehavior [ RunTime:0.000100s ]
INFO: [ template_filter ] --END-- [ RunTime:0.000257s ]
INFO: Run Behavior\ParseTemplateBehavior [ RunTime:0.011965s ]
INFO: [ view_parse ] --END-- [ RunTime:0.012128s ]
INFO: [ view_filter ] --START--
INFO: Run Behavior\WriteHtmlCacheBehavior [ RunTime:0.000783s ]
INFO: [ view_filter ] --END-- [ RunTime:0.000928s ]
INFO: [ app_end ] --START--
INFO: Run Behavior\ShowPageTraceBehavior [ RunTime:0.001040s ]
INFO: [ app_end ] --END-- [ RunTime:0.001255s ]

[ 2016-11-22T23:12:59+08:00 ] ::1 /weiguanjia/Home/UserManager/getVerify
INFO: [ app_init ] --START--
INFO: Run Behavior\BuildLiteBehavior [ RunTime:0.000065s ]
INFO: [ app_init ] --END-- [ RunTime:0.000918s ]
INFO: [ app_begin ] --START--
INFO: Run Behavior\ReadHtmlCacheBehavior [ RunTime:0.000849s ]
INFO: [ app_begin ] --END-- [ RunTime:0.001023s ]
INFO: [ app_end ] --START--
INFO: Run Behavior\ShowPageTraceBehavior [ RunTime:0.000982s ]
INFO: [ app_end ] --END-- [ RunTime:0.001161s ]

[ 2016-11-22T23:13:29+08:00 ] ::1 /weiguanjia/home/userManager/login
INFO: [ app_init ] --START--
INFO: Run Behavior\BuildLiteBehavior [ RunTime:0.000034s ]
INFO: [ app_init ] --END-- [ RunTime:0.000801s ]
INFO: [ app_begin ] --START--
INFO: Run Behavior\ReadHtmlCacheBehavior [ RunTime:0.000772s ]
INFO: [ app_begin ] --END-- [ RunTime:0.000941s ]
ERR: 无法加载数据库驱动: Think\Db\Driver\

[ 2016-11-22T23:16:12+08:00 ] ::1 /weiguanjia/home/userManager/login
INFO: [ app_init ] --START--
INFO: Run Behavior\BuildLiteBehavior [ RunTime:0.000038s ]
INFO: [ app_init ] --END-- [ RunTime:0.000947s ]
INFO: [ app_begin ] --START--
INFO: Run Behavior\ReadHtmlCacheBehavior [ RunTime:0.001185s ]
INFO: [ app_begin ] --END-- [ RunTime:0.001432s ]
ERR: 无法加载数据库驱动: Think\Db\Driver\

[ 2016-11-22T23:16:17+08:00 ] ::1 /weiguanjia/home/userManager/login
INFO: [ app_init ] --START--
INFO: Run Behavior\BuildLiteBehavior [ RunTime:0.000037s ]
INFO: [ app_init ] --END-- [ RunTime:0.000860s ]
INFO: [ app_begin ] --START--
INFO: Run Behavior\ReadHtmlCacheBehavior [ RunTime:0.001058s ]
INFO: [ app_begin ] --END-- [ RunTime:0.001241s ]
ERR: 无法加载数据库驱动: Think\Db\Driver\

[ 2016-11-22T23:16:38+08:00 ] ::1 /weiguanjia/home/userManager/login
INFO: [ app_init ] --START--
INFO: Run Behavior\BuildLiteBehavior [ RunTime:0.000038s ]
INFO: [ app_init ] --END-- [ RunTime:0.000825s ]
INFO: [ app_begin ] --START--
INFO: Run Behavior\ReadHtmlCacheBehavior [ RunTime:0.000967s ]
INFO: [ app_begin ] --END-- [ RunTime:0.001179s ]
ERR: 无法加载数据库驱动: Think\Db\Driver\

[ 2016-11-22T23:16:38+08:00 ] ::1 /weiguanjia/home/userManager/login
INFO: [ app_init ] --START--
INFO: Run Behavior\BuildLiteBehavior [ RunTime:0.000034s ]
INFO: [ app_init ] --END-- [ RunTime:0.000798s ]
INFO: [ app_begin ] --START--
INFO: Run Behavior\ReadHtmlCacheBehavior [ RunTime:0.000969s ]
INFO: [ app_begin ] --END-- [ RunTime:0.001215s ]
ERR: 无法加载数据库驱动: Think\Db\Driver\

[ 2016-11-22T23:16:40+08:00 ] ::1 /weiguanjia/home/userManager/login
INFO: [ app_init ] --START--
INFO: Run Behavior\BuildLiteBehavior [ RunTime:0.000037s ]
INFO: [ app_init ] --END-- [ RunTime:0.000898s ]
INFO: [ app_begin ] --START--
INFO: Run Behavior\ReadHtmlCacheBehavior [ RunTime:0.000858s ]
INFO: [ app_begin ] --END-- [ RunTime:0.001024s ]
ERR: 无法加载数据库驱动: Think\Db\Driver\

[ 2016-11-22T23:16:40+08:00 ] ::1 /weiguanjia/home/userManager/login
INFO: [ app_init ] --START--
INFO: Run Behavior\BuildLiteBehavior [ RunTime:0.000035s ]
INFO: [ app_init ] --END-- [ RunTime:0.000757s ]
INFO: [ app_begin ] --START--
INFO: Run Behavior\ReadHtmlCacheBehavior [ RunTime:0.001223s ]
INFO: [ app_begin ] --END-- [ RunTime:0.001406s ]
ERR: 无法加载数据库驱动: Think\Db\Driver\

[ 2016-11-22T23:16:40+08:00 ] ::1 /weiguanjia/home/userManager/login
INFO: [ app_init ] --START--
INFO: Run Behavior\BuildLiteBehavior [ RunTime:0.000036s ]
INFO: [ app_init ] --END-- [ RunTime:0.000867s ]
INFO: [ app_begin ] --START--
INFO: Run Behavior\ReadHtmlCacheBehavior [ RunTime:0.000845s ]
INFO: [ app_begin ] --END-- [ RunTime:0.001011s ]
ERR: 无法加载数据库驱动: Think\Db\Driver\

[ 2016-11-22T23:16:40+08:00 ] ::1 /weiguanjia/home/userManager/login
INFO: [ app_init ] --START--
INFO: Run Behavior\BuildLiteBehavior [ RunTime:0.000037s ]
INFO: [ app_init ] --END-- [ RunTime:0.000779s ]
INFO: [ app_begin ] --START--
INFO: Run Behavior\ReadHtmlCacheBehavior [ RunTime:0.000925s ]
INFO: [ app_begin ] --END-- [ RunTime:0.001115s ]
ERR: 无法加载数据库驱动: Think\Db\Driver\

[ 2016-11-22T23:16:41+08:00 ] ::1 /weiguanjia/home/userManager/login
INFO: [ app_init ] --START--
INFO: Run Behavior\BuildLiteBehavior [ RunTime:0.000033s ]
INFO: [ app_init ] --END-- [ RunTime:0.000746s ]
INFO: [ app_begin ] --START--
INFO: Run Behavior\ReadHtmlCacheBehavior [ RunTime:0.000740s ]
INFO: [ app_begin ] --END-- [ RunTime:0.000889s ]
ERR: 无法加载数据库驱动: Think\Db\Driver\

[ 2016-11-22T23:17:01+08:00 ] ::1 /weiguanjia/home/userManager/login
INFO: [ app_init ] --START--
INFO: Run Behavior\BuildLiteBehavior [ RunTime:0.000038s ]
INFO: [ app_init ] --END-- [ RunTime:0.000928s ]
INFO: [ app_begin ] --START--
INFO: Run Behavior\ReadHtmlCacheBehavior [ RunTime:0.001362s ]
INFO: [ app_begin ] --END-- [ RunTime:0.001617s ]
NOTIC: [2] Missing argument 1 for Home\Controller\UserManagerController::check_verify(), called in E:\wamp\www\weiguanjia\Application\Home\Controller\UserManagerController.class.php on line 28 and defined E:\wamp\www\weiguanjia\Application\Home\Controller\UserManagerController.class.php 第 137 行.
NOTIC: [8] Undefined variable: code E:\wamp\www\weiguanjia\Application\Home\Controller\UserManagerController.class.php 第 139 行.
INFO: [ view_parse ] --START--
INFO: [ template_filter ] --START--
INFO: Run Behavior\ContentReplaceBehavior [ RunTime:0.000105s ]
INFO: [ template_filter ] --END-- [ RunTime:0.000275s ]
INFO: Run Behavior\ParseTemplateBehavior [ RunTime:0.012102s ]
INFO: [ view_parse ] --END-- [ RunTime:0.012281s ]
INFO: [ view_filter ] --START--
INFO: Run Behavior\WriteHtmlCacheBehavior [ RunTime:0.000828s ]
INFO: [ view_filter ] --END-- [ RunTime:0.000978s ]
INFO: [ app_end ] --START--
INFO: Run Behavior\ShowPageTraceBehavior [ RunTime:0.000958s ]
INFO: [ app_end ] --END-- [ RunTime:0.001103s ]

[ 2016-11-22T23:17:01+08:00 ] ::1 /weiguanjia/Home/UserManager/getVerify
INFO: [ app_init ] --START--
INFO: Run Behavior\BuildLiteBehavior [ RunTime:0.000049s ]
INFO: [ app_init ] --END-- [ RunTime:0.001135s ]
INFO: [ app_begin ] --START--
INFO: Run Behavior\ReadHtmlCacheBehavior [ RunTime:0.000794s ]
INFO: [ app_begin ] --END-- [ RunTime:0.000963s ]
INFO: [ app_end ] --START--
INFO: Run Behavior\ShowPageTraceBehavior [ RunTime:0.000874s ]
INFO: [ app_end ] --END-- [ RunTime:0.001052s ]

[ 2016-11-22T23:17:23+08:00 ] ::1 /weiguanjia/home/userManager/login
INFO: [ app_init ] --START--
INFO: Run Behavior\BuildLiteBehavior [ RunTime:0.000065s ]
INFO: [ app_init ] --END-- [ RunTime:0.001377s ]
INFO: [ app_begin ] --START--
INFO: Run Behavior\ReadHtmlCacheBehavior [ RunTime:0.000904s ]
INFO: [ app_begin ] --END-- [ RunTime:0.001085s ]
ERR: 无法加载数据库驱动: Think\Db\Driver\

[ 2016-11-22T23:17:23+08:00 ] ::1 /weiguanjia/home/userManager/login
INFO: [ app_init ] --START--
INFO: Run Behavior\BuildLiteBehavior [ RunTime:0.000037s ]
INFO: [ app_init ] --END-- [ RunTime:0.000821s ]
INFO: [ app_begin ] --START--
INFO: Run Behavior\ReadHtmlCacheBehavior [ RunTime:0.001044s ]
INFO: [ app_begin ] --END-- [ RunTime:0.001252s ]
ERR: 无法加载数据库驱动: Think\Db\Driver\

[ 2016-11-22T23:17:24+08:00 ] ::1 /weiguanjia/home/userManager/login
INFO: [ app_init ] --START--
INFO: Run Behavior\BuildLiteBehavior [ RunTime:0.000037s ]
INFO: [ app_init ] --END-- [ RunTime:0.000873s ]
INFO: [ app_begin ] --START--
INFO: Run Behavior\ReadHtmlCacheBehavior [ RunTime:0.000853s ]
INFO: [ app_begin ] --END-- [ RunTime:0.001023s ]
ERR: 无法加载数据库驱动: Think\Db\Driver\

[ 2016-11-22T23:19:56+08:00 ] ::1 /weiguanjia/home/userManager/login
INFO: [ app_init ] --START--
INFO: Run Behavior\BuildLiteBehavior [ RunTime:0.000036s ]
INFO: [ app_init ] --END-- [ RunTime:0.000807s ]
INFO: [ app_begin ] --START--
INFO: Run Behavior\ReadHtmlCacheBehavior [ RunTime:0.001278s ]
INFO: [ app_begin ] --END-- [ RunTime:0.001499s ]
ERR: 无法加载数据库驱动: Think\Db\Driver\

[ 2016-11-22T23:19:57+08:00 ] ::1 /weiguanjia/home/userManager/login
INFO: [ app_init ] --START--
INFO: Run Behavior\BuildLiteBehavior [ RunTime:0.000065s ]
INFO: [ app_init ] --END-- [ RunTime:0.000821s ]
INFO: [ app_begin ] --START--
INFO: Run Behavior\ReadHtmlCacheBehavior [ RunTime:0.000758s ]
INFO: [ app_begin ] --END-- [ RunTime:0.000926s ]
ERR: 无法加载数据库驱动: Think\Db\Driver\

[ 2016-11-22T23:19:58+08:00 ] ::1 /weiguanjia/home/userManager/login
INFO: [ app_init ] --START--
INFO: Run Behavior\BuildLiteBehavior [ RunTime:0.000037s ]
INFO: [ app_init ] --END-- [ RunTime:0.000846s ]
INFO: [ app_begin ] --START--
INFO: Run Behavior\ReadHtmlCacheBehavior [ RunTime:0.000783s ]
INFO: [ app_begin ] --END-- [ RunTime:0.000943s ]
ERR: 无法加载数据库驱动: Think\Db\Driver\

[ 2016-11-22T23:19:58+08:00 ] ::1 /weiguanjia/home/userManager/login
INFO: [ app_init ] --START--
INFO: Run Behavior\BuildLiteBehavior [ RunTime:0.000036s ]
INFO: [ app_init ] --END-- [ RunTime:0.000809s ]
INFO: [ app_begin ] --START--
INFO: Run Behavior\ReadHtmlCacheBehavior [ RunTime:0.000786s ]
INFO: [ app_begin ] --END-- [ RunTime:0.000949s ]
ERR: 无法加载数据库驱动: Think\Db\Driver\

[ 2016-11-22T23:20:32+08:00 ] ::1 /weiguanjia/home/userManager/login
INFO: [ app_init ] --START--
INFO: Run Behavior\BuildLiteBehavior [ RunTime:0.000033s ]
INFO: [ app_init ] --END-- [ RunTime:0.000826s ]
INFO: [ app_begin ] --START--
INFO: Run Behavior\ReadHtmlCacheBehavior [ RunTime:0.001025s ]
INFO: [ app_begin ] --END-- [ RunTime:0.001176s ]
ERR: 无法加载数据库驱动: Think\Db\Driver\

[ 2016-11-22T23:20:33+08:00 ] ::1 /weiguanjia/home/userManager/login
INFO: [ app_init ] --START--
INFO: Run Behavior\BuildLiteBehavior [ RunTime:0.000035s ]
INFO: [ app_init ] --END-- [ RunTime:0.000779s ]
INFO: [ app_begin ] --START--
INFO: Run Behavior\ReadHtmlCacheBehavior [ RunTime:0.000803s ]
INFO: [ app_begin ] --END-- [ RunTime:0.000966s ]
ERR: 无法加载数据库驱动: Think\Db\Driver\

[ 2016-11-22T23:20:33+08:00 ] ::1 /weiguanjia/home/userManager/login
INFO: [ app_init ] --START--
INFO: Run Behavior\BuildLiteBehavior [ RunTime:0.000032s ]
INFO: [ app_init ] --END-- [ RunTime:0.000720s ]
INFO: [ app_begin ] --START--
INFO: Run Behavior\ReadHtmlCacheBehavior [ RunTime:0.000816s ]
INFO: [ app_begin ] --END-- [ RunTime:0.001022s ]
ERR: 无法加载数据库驱动: Think\Db\Driver\

[ 2016-11-22T23:22:02+08:00 ] ::1 /weiguanjia/home/userManager/login
INFO: [ app_init ] --START--
INFO: Run Behavior\BuildLiteBehavior [ RunTime:0.000040s ]
INFO: [ app_init ] --END-- [ RunTime:0.000947s ]
INFO: [ app_begin ] --START--
INFO: Run Behavior\ReadHtmlCacheBehavior [ RunTime:0.001013s ]
INFO: [ app_begin ] --END-- [ RunTime:0.001174s ]
ERR: 无法加载数据库驱动: Think\Db\Driver\

[ 2016-11-22T23:25:16+08:00 ] ::1 /weiguanjia/home/userManager/login
INFO: [ app_init ] --START--
INFO: Run Behavior\BuildLiteBehavior [ RunTime:0.000036s ]
INFO: [ app_init ] --END-- [ RunTime:0.000904s ]
INFO: [ app_begin ] --START--
INFO: Run Behavior\ReadHtmlCacheBehavior [ RunTime:0.001042s ]
INFO: [ app_begin ] --END-- [ RunTime:0.001202s ]
ERR: 无法加载数据库驱动: Think\Db\Driver\

[ 2016-11-22T23:25:17+08:00 ] ::1 /weiguanjia/home/userManager/login
INFO: [ app_init ] --START--
INFO: Run Behavior\BuildLiteBehavior [ RunTime:0.000035s ]
INFO: [ app_init ] --END-- [ RunTime:0.000787s ]
INFO: [ app_begin ] --START--
INFO: Run Behavior\ReadHtmlCacheBehavior [ RunTime:0.000776s ]
INFO: [ app_begin ] --END-- [ RunTime:0.000936s ]
ERR: 无法加载数据库驱动: Think\Db\Driver\

[ 2016-11-22T23:25:31+08:00 ] ::1 /weiguanjia/home/userManager/login
INFO: [ app_init ] --START--
INFO: Run Behavior\BuildLiteBehavior [ RunTime:0.000035s ]
INFO: [ app_init ] --END-- [ RunTime:0.000957s ]
INFO: [ app_begin ] --START--
INFO: Run Behavior\ReadHtmlCacheBehavior [ RunTime:0.000925s ]
INFO: [ app_begin ] --END-- [ RunTime:0.001111s ]
NOTIC: [8] Undefined variable: data E:\wamp\www\weiguanjia\Application\Home\Controller\UserManagerController.class.php 第 53 行.
NOTIC: [2] Missing argument 1 for Home\Controller\UserManagerController::check_verify(), called in E:\wamp\www\weiguanjia\Application\Home\Controller\UserManagerController.class.php on line 28 and defined E:\wamp\www\weiguanjia\Application\Home\Controller\UserManagerController.class.php 第 137 行.
NOTIC: [8] Undefined variable: code E:\wamp\www\weiguanjia\Application\Home\Controller\UserManagerController.class.php 第 139 行.
INFO: [ view_parse ] --START--
INFO: [ template_filter ] --START--
INFO: Run Behavior\ContentReplaceBehavior [ RunTime:0.000095s ]
INFO: [ template_filter ] --END-- [ RunTime:0.000251s ]
INFO: Run Behavior\ParseTemplateBehavior [ RunTime:0.011919s ]
INFO: [ view_parse ] --END-- [ RunTime:0.012139s ]
INFO: [ view_filter ] --START--
INFO: Run Behavior\WriteHtmlCacheBehavior [ RunTime:0.000703s ]
INFO: [ view_filter ] --END-- [ RunTime:0.000841s ]
INFO: [ app_end ] --START--
INFO: Run Behavior\ShowPageTraceBehavior [ RunTime:0.001142s ]
INFO: [ app_end ] --END-- [ RunTime:0.001309s ]

[ 2016-11-22T23:25:31+08:00 ] ::1 /weiguanjia/Home/UserManager/getVerify
INFO: [ app_init ] --START--
INFO: Run Behavior\BuildLiteBehavior [ RunTime:0.000113s ]
INFO: [ app_init ] --END-- [ RunTime:0.001356s ]
INFO: [ app_begin ] --START--
INFO: Run Behavior\ReadHtmlCacheBehavior [ RunTime:0.001326s ]
INFO: [ app_begin ] --END-- [ RunTime:0.001590s ]
INFO: [ app_end ] --START--
INFO: Run Behavior\ShowPageTraceBehavior [ RunTime:0.000976s ]
INFO: [ app_end ] --END-- [ RunTime:0.001147s ]

[ 2016-11-22T23:26:14+08:00 ] ::1 /weiguanjia/home/userManager/login
INFO: [ app_init ] --START--
INFO: Run Behavior\BuildLiteBehavior [ RunTime:0.000070s ]
INFO: [ app_init ] --END-- [ RunTime:0.001251s ]
INFO: [ app_begin ] --START--
INFO: Run Behavior\ReadHtmlCacheBehavior [ RunTime:0.001029s ]
INFO: [ app_begin ] --END-- [ RunTime:0.001231s ]
NOTIC: [8] Undefined variable: User E:\wamp\www\weiguanjia\Application\Home\Controller\UserManagerController.class.php 第 49 行.

[ 2016-11-22T23:26:49+08:00 ] ::1 /weiguanjia/home/userManager/login
INFO: [ app_init ] --START--
INFO: Run Behavior\BuildLiteBehavior [ RunTime:0.000043s ]
INFO: [ app_init ] --END-- [ RunTime:0.001024s ]
INFO: [ app_begin ] --START--
INFO: Run Behavior\ReadHtmlCacheBehavior [ RunTime:0.001124s ]
INFO: [ app_begin ] --END-- [ RunTime:0.001307s ]
ERR: 无法加载数据库驱动: Think\Db\Driver\

[ 2016-11-22T23:26:50+08:00 ] ::1 /weiguanjia/home/userManager/login
INFO: [ app_init ] --START--
INFO: Run Behavior\BuildLiteBehavior [ RunTime:0.000036s ]
INFO: [ app_init ] --END-- [ RunTime:0.001059s ]
INFO: [ app_begin ] --START--
INFO: Run Behavior\ReadHtmlCacheBehavior [ RunTime:0.000964s ]
INFO: [ app_begin ] --END-- [ RunTime:0.001194s ]
ERR: 无法加载数据库驱动: Think\Db\Driver\

[ 2016-11-22T23:26:50+08:00 ] ::1 /weiguanjia/home/userManager/login
INFO: [ app_init ] --START--
INFO: Run Behavior\BuildLiteBehavior [ RunTime:0.000035s ]
INFO: [ app_init ] --END-- [ RunTime:0.000817s ]
INFO: [ app_begin ] --START--
INFO: Run Behavior\ReadHtmlCacheBehavior [ RunTime:0.000848s ]
INFO: [ app_begin ] --END-- [ RunTime:0.001009s ]
ERR: 无法加载数据库驱动: Think\Db\Driver\

[ 2016-11-22T23:26:50+08:00 ] ::1 /weiguanjia/home/userManager/login
INFO: [ app_init ] --START--
INFO: Run Behavior\BuildLiteBehavior [ RunTime:0.000036s ]
INFO: [ app_init ] --END-- [ RunTime:0.000918s ]
INFO: [ app_begin ] --START--
INFO: Run Behavior\ReadHtmlCacheBehavior [ RunTime:0.000881s ]
INFO: [ app_begin ] --END-- [ RunTime:0.001050s ]
ERR: 无法加载数据库驱动: Think\Db\Driver\

[ 2016-11-22T23:26:50+08:00 ] ::1 /weiguanjia/home/userManager/login
INFO: [ app_init ] --START--
INFO: Run Behavior\BuildLiteBehavior [ RunTime:0.000036s ]
INFO: [ app_init ] --END-- [ RunTime:0.000881s ]
INFO: [ app_begin ] --START--
INFO: Run Behavior\ReadHtmlCacheBehavior [ RunTime:0.000796s ]
INFO: [ app_begin ] --END-- [ RunTime:0.001036s ]
ERR: 无法加载数据库驱动: Think\Db\Driver\

