[ 2016-11-23T08:06:45+08:00 ] ::1 /weiguanjia/index.php/home/userManager/register
INFO: [ app_init ] --START--
INFO: Run Behavior\BuildLiteBehavior [ RunTime:0.000042s ]
INFO: [ app_init ] --END-- [ RunTime:0.124183s ]
INFO: [ app_begin ] --START--
INFO: Run Behavior\ReadHtmlCacheBehavior [ RunTime:0.015108s ]
INFO: [ app_begin ] --END-- [ RunTime:0.015293s ]
NOTIC: [2] preg_match(): Unknown modifier '\' E:\wamp\www\weiguanjia\Application\Home\Controller\UserManagerController.class.php 第 117 行.
NOTIC: [2] Missing argument 1 for Home\Controller\UserManagerController::check_verify(), called in E:\wamp\www\weiguanjia\Application\Home\Controller\UserManagerController.class.php on line 90 and defined E:\wamp\www\weiguanjia\Application\Home\Controller\UserManagerController.class.php 第 137 行.
NOTIC: [8] Undefined variable: code E:\wamp\www\weiguanjia\Application\Home\Controller\UserManagerController.class.php 第 139 行.
INFO: [ view_parse ] --START--
INFO: [ template_filter ] --START--
INFO: Run Behavior\ContentReplaceBehavior [ RunTime:0.577301s ]
INFO: [ template_filter ] --END-- [ RunTime:0.577637s ]
INFO: Run Behavior\ParseTemplateBehavior [ RunTime:0.987313s ]
INFO: [ view_parse ] --END-- [ RunTime:0.987511s ]
INFO: [ view_filter ] --START--
INFO: Run Behavior\WriteHtmlCacheBehavior [ RunTime:0.213238s ]
INFO: [ view_filter ] --END-- [ RunTime:0.213421s ]
INFO: [ app_end ] --START--
INFO: Run Behavior\ShowPageTraceBehavior [ RunTime:0.049336s ]
INFO: [ app_end ] --END-- [ RunTime:0.049521s ]

[ 2016-11-23T08:06:48+08:00 ] ::1 /weiguanjia/Home/UserManager/getVerify
INFO: [ app_init ] --START--
INFO: Run Behavior\BuildLiteBehavior [ RunTime:0.000065s ]
INFO: [ app_init ] --END-- [ RunTime:0.001549s ]
INFO: [ app_begin ] --START--
INFO: Run Behavior\ReadHtmlCacheBehavior [ RunTime:0.001219s ]
INFO: [ app_begin ] --END-- [ RunTime:0.001448s ]
INFO: [ app_end ] --START--
INFO: Run Behavior\ShowPageTraceBehavior [ RunTime:0.001159s ]
INFO: [ app_end ] --END-- [ RunTime:0.001359s ]

[ 2016-11-23T08:07:00+08:00 ] ::1 /weiguanjia/index.php/home/userManager/login
INFO: [ app_init ] --START--
INFO: Run Behavior\BuildLiteBehavior [ RunTime:0.000036s ]
INFO: [ app_init ] --END-- [ RunTime:0.000807s ]
INFO: [ app_begin ] --START--
INFO: Run Behavior\ReadHtmlCacheBehavior [ RunTime:0.000925s ]
INFO: [ app_begin ] --END-- [ RunTime:0.001111s ]
ERR: 无法加载数据库驱动: Think\Db\Driver\

[ 2016-11-23T08:09:31+08:00 ] ::1 /weiguanjia/index.php/home/userManager/register
INFO: [ app_init ] --START--
INFO: Run Behavior\BuildLiteBehavior [ RunTime:0.000037s ]
INFO: [ app_init ] --END-- [ RunTime:0.000856s ]
INFO: [ app_begin ] --START--
INFO: Run Behavior\ReadHtmlCacheBehavior [ RunTime:0.001007s ]
INFO: [ app_begin ] --END-- [ RunTime:0.001166s ]
NOTIC: [2] preg_match(): Unknown modifier '\' E:\wamp\www\weiguanjia\Application\Home\Controller\UserManagerController.class.php 第 117 行.
NOTIC: [2] Missing argument 1 for Home\Controller\UserManagerController::check_verify(), called in E:\wamp\www\weiguanjia\Application\Home\Controller\UserManagerController.class.php on line 90 and defined E:\wamp\www\weiguanjia\Application\Home\Controller\UserManagerController.class.php 第 137 行.
NOTIC: [8] Undefined variable: code E:\wamp\www\weiguanjia\Application\Home\Controller\UserManagerController.class.php 第 139 行.
INFO: [ view_parse ] --START--
INFO: [ template_filter ] --START--
INFO: Run Behavior\ContentReplaceBehavior [ RunTime:0.000118s ]
INFO: [ template_filter ] --END-- [ RunTime:0.000308s ]
INFO: Run Behavior\ParseTemplateBehavior [ RunTime:0.012337s ]
INFO: [ view_parse ] --END-- [ RunTime:0.012504s ]
INFO: [ view_filter ] --START--
INFO: Run Behavior\WriteHtmlCacheBehavior [ RunTime:0.000709s ]
INFO: [ view_filter ] --END-- [ RunTime:0.000949s ]
INFO: [ app_end ] --START--
INFO: Run Behavior\ShowPageTraceBehavior [ RunTime:0.001468s ]
INFO: [ app_end ] --END-- [ RunTime:0.001706s ]

[ 2016-11-23T08:09:31+08:00 ] ::1 /weiguanjia/Home/UserManager/getVerify
INFO: [ app_init ] --START--
INFO: Run Behavior\BuildLiteBehavior [ RunTime:0.000071s ]
INFO: [ app_init ] --END-- [ RunTime:0.001378s ]
INFO: [ app_begin ] --START--
INFO: Run Behavior\ReadHtmlCacheBehavior [ RunTime:0.001324s ]
INFO: [ app_begin ] --END-- [ RunTime:0.001687s ]
INFO: [ app_end ] --START--
INFO: Run Behavior\ShowPageTraceBehavior [ RunTime:0.000896s ]
INFO: [ app_end ] --END-- [ RunTime:0.001126s ]

[ 2016-11-23T08:11:48+08:00 ] ::1 /weiguanjia/index.php/home/userManager/login
INFO: [ app_init ] --START--
INFO: Run Behavior\BuildLiteBehavior [ RunTime:0.000038s ]
INFO: [ app_init ] --END-- [ RunTime:0.000890s ]
INFO: [ app_begin ] --START--
INFO: Run Behavior\ReadHtmlCacheBehavior [ RunTime:0.000945s ]
INFO: [ app_begin ] --END-- [ RunTime:0.001110s ]
ERR: 无法加载数据库驱动: Think\Db\Driver\

[ 2016-11-23T08:14:10+08:00 ] ::1 /weiguanjia/index.php/home/userManager/login
INFO: [ app_init ] --START--
INFO: Run Behavior\BuildLiteBehavior [ RunTime:0.000038s ]
INFO: [ app_init ] --END-- [ RunTime:0.000815s ]
INFO: [ app_begin ] --START--
INFO: Run Behavior\ReadHtmlCacheBehavior [ RunTime:0.001157s ]
INFO: [ app_begin ] --END-- [ RunTime:0.001351s ]
ERR: 无法加载数据库驱动: Think\Db\Driver\

[ 2016-11-23T08:14:11+08:00 ] ::1 /weiguanjia/index.php/home/userManager/login
INFO: [ app_init ] --START--
INFO: Run Behavior\BuildLiteBehavior [ RunTime:0.000038s ]
INFO: [ app_init ] --END-- [ RunTime:0.000806s ]
INFO: [ app_begin ] --START--
INFO: Run Behavior\ReadHtmlCacheBehavior [ RunTime:0.000830s ]
INFO: [ app_begin ] --END-- [ RunTime:0.000998s ]
ERR: 无法加载数据库驱动: Think\Db\Driver\

[ 2016-11-23T08:14:12+08:00 ] ::1 /weiguanjia/index.php/home/userManager/login
INFO: [ app_init ] --START--
INFO: Run Behavior\BuildLiteBehavior [ RunTime:0.000037s ]
INFO: [ app_init ] --END-- [ RunTime:0.000767s ]
INFO: [ app_begin ] --START--
INFO: Run Behavior\ReadHtmlCacheBehavior [ RunTime:0.000792s ]
INFO: [ app_begin ] --END-- [ RunTime:0.001124s ]
ERR: 无法加载数据库驱动: Think\Db\Driver\

[ 2016-11-23T08:14:12+08:00 ] ::1 /weiguanjia/index.php/home/userManager/login
INFO: [ app_init ] --START--
INFO: Run Behavior\BuildLiteBehavior [ RunTime:0.000036s ]
INFO: [ app_init ] --END-- [ RunTime:0.000739s ]
INFO: [ app_begin ] --START--
INFO: Run Behavior\ReadHtmlCacheBehavior [ RunTime:0.001069s ]
INFO: [ app_begin ] --END-- [ RunTime:0.001255s ]
ERR: 无法加载数据库驱动: Think\Db\Driver\

[ 2016-11-23T08:14:12+08:00 ] ::1 /weiguanjia/index.php/home/userManager/login
INFO: [ app_init ] --START--
INFO: Run Behavior\BuildLiteBehavior [ RunTime:0.000035s ]
INFO: [ app_init ] --END-- [ RunTime:0.000751s ]
INFO: [ app_begin ] --START--
INFO: Run Behavior\ReadHtmlCacheBehavior [ RunTime:0.000799s ]
INFO: [ app_begin ] --END-- [ RunTime:0.000964s ]
ERR: 无法加载数据库驱动: Think\Db\Driver\

[ 2016-11-23T08:18:58+08:00 ] ::1 /weiguanjia/index.php/home/userManager/login
INFO: [ app_init ] --START--
INFO: Run Behavior\BuildLiteBehavior [ RunTime:0.000038s ]
INFO: [ app_init ] --END-- [ RunTime:0.000971s ]
INFO: [ app_begin ] --START--
INFO: Run Behavior\ReadHtmlCacheBehavior [ RunTime:0.001045s ]
INFO: [ app_begin ] --END-- [ RunTime:0.001219s ]
ERR: 无法加载数据库驱动: Think\Db\Driver\

[ 2016-11-23T08:18:59+08:00 ] ::1 /weiguanjia/index.php/home/userManager/login
INFO: [ app_init ] --START--
INFO: Run Behavior\BuildLiteBehavior [ RunTime:0.000039s ]
INFO: [ app_init ] --END-- [ RunTime:0.000837s ]
INFO: [ app_begin ] --START--
INFO: Run Behavior\ReadHtmlCacheBehavior [ RunTime:0.000843s ]
INFO: [ app_begin ] --END-- [ RunTime:0.001020s ]
ERR: 无法加载数据库驱动: Think\Db\Driver\

[ 2016-11-23T08:18:59+08:00 ] ::1 /weiguanjia/index.php/home/userManager/login
INFO: [ app_init ] --START--
INFO: Run Behavior\BuildLiteBehavior [ RunTime:0.000040s ]
INFO: [ app_init ] --END-- [ RunTime:0.000782s ]
INFO: [ app_begin ] --START--
INFO: Run Behavior\ReadHtmlCacheBehavior [ RunTime:0.000796s ]
INFO: [ app_begin ] --END-- [ RunTime:0.000965s ]
ERR: 无法加载数据库驱动: Think\Db\Driver\

[ 2016-11-23T08:19:00+08:00 ] ::1 /weiguanjia/index.php/home/userManager/login
INFO: [ app_init ] --START--
INFO: Run Behavior\BuildLiteBehavior [ RunTime:0.000038s ]
INFO: [ app_init ] --END-- [ RunTime:0.000772s ]
INFO: [ app_begin ] --START--
INFO: Run Behavior\ReadHtmlCacheBehavior [ RunTime:0.000790s ]
INFO: [ app_begin ] --END-- [ RunTime:0.000965s ]
ERR: 无法加载数据库驱动: Think\Db\Driver\

[ 2016-11-23T08:19:00+08:00 ] ::1 /weiguanjia/index.php/home/userManager/login
INFO: [ app_init ] --START--
INFO: Run Behavior\BuildLiteBehavior [ RunTime:0.000037s ]
INFO: [ app_init ] --END-- [ RunTime:0.000770s ]
INFO: [ app_begin ] --START--
INFO: Run Behavior\ReadHtmlCacheBehavior [ RunTime:0.000761s ]
INFO: [ app_begin ] --END-- [ RunTime:0.000930s ]
ERR: 无法加载数据库驱动: Think\Db\Driver\

[ 2016-11-23T08:19:00+08:00 ] ::1 /weiguanjia/index.php/home/userManager/login
INFO: [ app_init ] --START--
INFO: Run Behavior\BuildLiteBehavior [ RunTime:0.000036s ]
INFO: [ app_init ] --END-- [ RunTime:0.000810s ]
INFO: [ app_begin ] --START--
INFO: Run Behavior\ReadHtmlCacheBehavior [ RunTime:0.000945s ]
INFO: [ app_begin ] --END-- [ RunTime:0.001148s ]
ERR: 无法加载数据库驱动: Think\Db\Driver\

[ 2016-11-23T08:19:00+08:00 ] ::1 /weiguanjia/index.php/home/userManager/login
INFO: [ app_init ] --START--
INFO: Run Behavior\BuildLiteBehavior [ RunTime:0.000036s ]
INFO: [ app_init ] --END-- [ RunTime:0.000777s ]
INFO: [ app_begin ] --START--
INFO: Run Behavior\ReadHtmlCacheBehavior [ RunTime:0.000791s ]
INFO: [ app_begin ] --END-- [ RunTime:0.000961s ]
ERR: 无法加载数据库驱动: Think\Db\Driver\

[ 2016-11-23T08:19:00+08:00 ] ::1 /weiguanjia/index.php/home/userManager/login
INFO: [ app_init ] --START--
INFO: Run Behavior\BuildLiteBehavior [ RunTime:0.000037s ]
INFO: [ app_init ] --END-- [ RunTime:0.000810s ]
INFO: [ app_begin ] --START--
INFO: Run Behavior\ReadHtmlCacheBehavior [ RunTime:0.000937s ]
INFO: [ app_begin ] --END-- [ RunTime:0.001135s ]
ERR: 无法加载数据库驱动: Think\Db\Driver\

[ 2016-11-23T08:19:00+08:00 ] ::1 /weiguanjia/index.php/home/userManager/login
INFO: [ app_init ] --START--
INFO: Run Behavior\BuildLiteBehavior [ RunTime:0.000037s ]
INFO: [ app_init ] --END-- [ RunTime:0.000780s ]
INFO: [ app_begin ] --START--
INFO: Run Behavior\ReadHtmlCacheBehavior [ RunTime:0.000786s ]
INFO: [ app_begin ] --END-- [ RunTime:0.000960s ]
ERR: 无法加载数据库驱动: Think\Db\Driver\

[ 2016-11-23T08:19:01+08:00 ] ::1 /weiguanjia/index.php/home/userManager/login
INFO: [ app_init ] --START--
INFO: Run Behavior\BuildLiteBehavior [ RunTime:0.000036s ]
INFO: [ app_init ] --END-- [ RunTime:0.000782s ]
INFO: [ app_begin ] --START--
INFO: Run Behavior\ReadHtmlCacheBehavior [ RunTime:0.000965s ]
INFO: [ app_begin ] --END-- [ RunTime:0.001148s ]
ERR: 无法加载数据库驱动: Think\Db\Driver\

[ 2016-11-23T08:19:01+08:00 ] ::1 /weiguanjia/index.php/home/userManager/login
INFO: [ app_init ] --START--
INFO: Run Behavior\BuildLiteBehavior [ RunTime:0.000036s ]
INFO: [ app_init ] --END-- [ RunTime:0.000783s ]
INFO: [ app_begin ] --START--
INFO: Run Behavior\ReadHtmlCacheBehavior [ RunTime:0.000795s ]
INFO: [ app_begin ] --END-- [ RunTime:0.000968s ]
ERR: 无法加载数据库驱动: Think\Db\Driver\

[ 2016-11-23T08:19:13+08:00 ] ::1 /weiguanjia/index.php/home/userManager/login
INFO: [ app_init ] --START--
INFO: Run Behavior\BuildLiteBehavior [ RunTime:0.000038s ]
INFO: [ app_init ] --END-- [ RunTime:0.000851s ]
INFO: [ app_begin ] --START--
INFO: Run Behavior\ReadHtmlCacheBehavior [ RunTime:0.001133s ]
INFO: [ app_begin ] --END-- [ RunTime:0.001316s ]
ERR: 无法加载数据库驱动: Think\Db\Driver\

[ 2016-11-23T08:19:13+08:00 ] ::1 /weiguanjia/index.php/home/userManager/login
INFO: [ app_init ] --START--
INFO: Run Behavior\BuildLiteBehavior [ RunTime:0.000036s ]
INFO: [ app_init ] --END-- [ RunTime:0.000768s ]
INFO: [ app_begin ] --START--
INFO: Run Behavior\ReadHtmlCacheBehavior [ RunTime:0.000964s ]
INFO: [ app_begin ] --END-- [ RunTime:0.001203s ]
ERR: 无法加载数据库驱动: Think\Db\Driver\

[ 2016-11-23T08:22:23+08:00 ] ::1 /weiguanjia/index.php/home/userManager/login
INFO: [ app_init ] --START--
INFO: Run Behavior\BuildLiteBehavior [ RunTime:0.000036s ]
INFO: [ app_init ] --END-- [ RunTime:0.000828s ]
INFO: [ app_begin ] --START--
INFO: Run Behavior\ReadHtmlCacheBehavior [ RunTime:0.000932s ]
INFO: [ app_begin ] --END-- [ RunTime:0.001095s ]
ERR: 无法加载数据库驱动: Think\Db\Driver\

[ 2016-11-23T08:22:23+08:00 ] ::1 /weiguanjia/index.php/home/userManager/login
INFO: [ app_init ] --START--
INFO: Run Behavior\BuildLiteBehavior [ RunTime:0.000036s ]
INFO: [ app_init ] --END-- [ RunTime:0.000747s ]
INFO: [ app_begin ] --START--
INFO: Run Behavior\ReadHtmlCacheBehavior [ RunTime:0.001488s ]
INFO: [ app_begin ] --END-- [ RunTime:0.001916s ]
ERR: 无法加载数据库驱动: Think\Db\Driver\

[ 2016-11-23T08:22:34+08:00 ] ::1 /weiguanjia/index.php/home/userManager/login
INFO: [ app_init ] --START--
INFO: Run Behavior\BuildLiteBehavior [ RunTime:0.000036s ]
INFO: [ app_init ] --END-- [ RunTime:0.000828s ]
INFO: [ app_begin ] --START--
INFO: Run Behavior\ReadHtmlCacheBehavior [ RunTime:0.001364s ]
INFO: [ app_begin ] --END-- [ RunTime:0.001602s ]
ERR: 无法加载数据库驱动: Think\Db\Driver\

[ 2016-11-23T08:22:35+08:00 ] ::1 /weiguanjia/index.php/home/userManager/login
INFO: [ app_init ] --START--
INFO: Run Behavior\BuildLiteBehavior [ RunTime:0.000035s ]
INFO: [ app_init ] --END-- [ RunTime:0.000765s ]
INFO: [ app_begin ] --START--
INFO: Run Behavior\ReadHtmlCacheBehavior [ RunTime:0.000748s ]
INFO: [ app_begin ] --END-- [ RunTime:0.000943s ]
ERR: 无法加载数据库驱动: Think\Db\Driver\

[ 2016-11-23T08:22:35+08:00 ] ::1 /weiguanjia/index.php/home/userManager/login
INFO: [ app_init ] --START--
INFO: Run Behavior\BuildLiteBehavior [ RunTime:0.000041s ]
INFO: [ app_init ] --END-- [ RunTime:0.000943s ]
INFO: [ app_begin ] --START--
INFO: Run Behavior\ReadHtmlCacheBehavior [ RunTime:0.000926s ]
INFO: [ app_begin ] --END-- [ RunTime:0.001100s ]
ERR: 无法加载数据库驱动: Think\Db\Driver\

[ 2016-11-23T08:22:35+08:00 ] ::1 /weiguanjia/index.php/home/userManager/login
INFO: [ app_init ] --START--
INFO: Run Behavior\BuildLiteBehavior [ RunTime:0.000036s ]
INFO: [ app_init ] --END-- [ RunTime:0.000816s ]
INFO: [ app_begin ] --START--
INFO: Run Behavior\ReadHtmlCacheBehavior [ RunTime:0.000816s ]
INFO: [ app_begin ] --END-- [ RunTime:0.000985s ]
ERR: 无法加载数据库驱动: Think\Db\Driver\

[ 2016-11-23T08:22:35+08:00 ] ::1 /weiguanjia/index.php/home/userManager/login
INFO: [ app_init ] --START--
INFO: Run Behavior\BuildLiteBehavior [ RunTime:0.000051s ]
INFO: [ app_init ] --END-- [ RunTime:0.000827s ]
INFO: [ app_begin ] --START--
INFO: Run Behavior\ReadHtmlCacheBehavior [ RunTime:0.000823s ]
INFO: [ app_begin ] --END-- [ RunTime:0.000998s ]
ERR: 无法加载数据库驱动: Think\Db\Driver\

[ 2016-11-23T08:38:27+08:00 ] ::1 /weiguanjia/index.php/home/userManager/login
INFO: [ app_init ] --START--
INFO: Run Behavior\BuildLiteBehavior [ RunTime:0.000034s ]
INFO: [ app_init ] --END-- [ RunTime:0.000805s ]
INFO: [ app_begin ] --START--
INFO: Run Behavior\ReadHtmlCacheBehavior [ RunTime:0.001116s ]
INFO: [ app_begin ] --END-- [ RunTime:0.001328s ]
ERR: 1146:Table 'wehosting.user' doesn't exist
 [ SQL语句 ] : SHOW COLUMNS FROM `user`
ERR: 1146:Table 'wehosting.user' doesn't exist
 [ SQL语句 ] : SHOW COLUMNS FROM `user`

[ 2016-11-23T08:42:54+08:00 ] ::1 /weiguanjia/index.php/home/userManager/login
INFO: [ app_init ] --START--
INFO: Run Behavior\BuildLiteBehavior [ RunTime:0.000037s ]
INFO: [ app_init ] --END-- [ RunTime:0.000853s ]
ERR: 1146:Table 'wehosting.user' doesn't exist
 [ SQL语句 ] : SHOW COLUMNS FROM `user`

[ 2016-11-23T08:44:25+08:00 ] ::1 /weiguanjia/index.php/home/userManager/register
INFO: [ app_init ] --START--
INFO: Run Behavior\BuildLiteBehavior [ RunTime:0.000037s ]
INFO: [ app_init ] --END-- [ RunTime:0.000754s ]

[ 2016-11-23T08:44:26+08:00 ] ::1 /weiguanjia/Home/UserManager/getVerify
INFO: [ app_init ] --START--
INFO: Run Behavior\BuildLiteBehavior [ RunTime:0.000066s ]
INFO: [ app_init ] --END-- [ RunTime:0.001040s ]

[ 2016-11-23T08:44:40+08:00 ] ::1 /weiguanjia/index.php/home/userManager/login
INFO: [ app_init ] --START--
INFO: Run Behavior\BuildLiteBehavior [ RunTime:0.000075s ]
INFO: [ app_init ] --END-- [ RunTime:0.001356s ]
ERR: 1146:Table 'wehosting.user' doesn't exist
 [ SQL语句 ] : SHOW COLUMNS FROM `user`

[ 2016-11-23T08:46:50+08:00 ] ::1 /weiguanjia/index.php/home/userManager/login
INFO: [ app_init ] --START--
INFO: Run Behavior\BuildLiteBehavior [ RunTime:0.000066s ]
INFO: [ app_init ] --END-- [ RunTime:0.001170s ]
ERR: 1146:Table 'wehosting.user' doesn't exist
 [ SQL语句 ] : SHOW COLUMNS FROM `user`

[ 2016-11-23T08:47:58+08:00 ] ::1 /weiguanjia/index.php/home/userManager/login
INFO: [ app_init ] --START--
INFO: Run Behavior\BuildLiteBehavior [ RunTime:0.000038s ]
INFO: [ app_init ] --END-- [ RunTime:0.000841s ]
ERR: 1146:Table 'wehosting.user' doesn't exist
 [ SQL语句 ] : SHOW COLUMNS FROM `user`

[ 2016-11-23T08:48:12+08:00 ] ::1 /weiguanjia/index.php/home/userManager/login
INFO: [ app_init ] --START--
INFO: Run Behavior\BuildLiteBehavior [ RunTime:0.000040s ]
INFO: [ app_init ] --END-- [ RunTime:0.000815s ]
ERR: 1146:Table 'wehosting.user' doesn't exist
 [ SQL语句 ] : SHOW COLUMNS FROM `user`

[ 2016-11-23T08:49:48+08:00 ] ::1 /weiguanjia/index.php/home/userManager/loginPage
INFO: [ app_init ] --START--
INFO: Run Behavior\BuildLiteBehavior [ RunTime:0.000038s ]
INFO: [ app_init ] --END-- [ RunTime:0.000860s ]

[ 2016-11-23T08:49:48+08:00 ] ::1 /weiguanjia/Home/UserManager/getVerify
INFO: [ app_init ] --START--
INFO: Run Behavior\BuildLiteBehavior [ RunTime:0.000066s ]
INFO: [ app_init ] --END-- [ RunTime:0.001081s ]

[ 2016-11-23T08:49:57+08:00 ] ::1 /weiguanjia/index.php/home/userManager/loginPage?username=phpcms&password=yuan5630&verify_code=kunn
INFO: [ app_init ] --START--
INFO: Run Behavior\BuildLiteBehavior [ RunTime:0.000048s ]
INFO: [ app_init ] --END-- [ RunTime:0.001151s ]

[ 2016-11-23T08:49:58+08:00 ] ::1 /weiguanjia/Home/UserManager/getVerify
INFO: [ app_init ] --START--
INFO: Run Behavior\BuildLiteBehavior [ RunTime:0.000069s ]
INFO: [ app_init ] --END-- [ RunTime:0.001156s ]

[ 2016-11-23T08:50:16+08:00 ] ::1 /weiguanjia/index.php/home/userManager/loginPage?username=phpcms&password=yuan5630&verify_code=jwGp
INFO: [ app_init ] --START--
INFO: Run Behavior\BuildLiteBehavior [ RunTime:0.000040s ]
INFO: [ app_init ] --END-- [ RunTime:0.000784s ]

[ 2016-11-23T08:50:16+08:00 ] ::1 /weiguanjia/Home/UserManager/getVerify
INFO: [ app_init ] --START--
INFO: Run Behavior\BuildLiteBehavior [ RunTime:0.000069s ]
INFO: [ app_init ] --END-- [ RunTime:0.001429s ]

[ 2016-11-23T08:51:25+08:00 ] ::1 /weiguanjia/index.php/home/userManager/login
INFO: [ app_init ] --START--
INFO: Run Behavior\BuildLiteBehavior [ RunTime:0.000037s ]
INFO: [ app_init ] --END-- [ RunTime:0.000833s ]
ERR: 1146:Table 'wehosting.user' doesn't exist
 [ SQL语句 ] : SHOW COLUMNS FROM `user`

[ 2016-11-23T08:54:10+08:00 ] ::1 /weiguanjia/index.php/home/userManager/login
INFO: [ app_init ] --START--
INFO: Run Behavior\BuildLiteBehavior [ RunTime:0.000037s ]
INFO: [ app_init ] --END-- [ RunTime:0.000893s ]
ERR: 1146:Table 'wehosting.user' doesn't exist
 [ SQL语句 ] : SHOW COLUMNS FROM `user`

[ 2016-11-23T09:22:19+08:00 ] ::1 /weiguanjia/index.php/home/userManager/login
INFO: [ app_init ] --START--
INFO: Run Behavior\BuildLiteBehavior [ RunTime:0.000061s ]
INFO: [ app_init ] --END-- [ RunTime:0.000988s ]

[ 2016-11-23T09:22:19+08:00 ] ::1 /weiguanjia/Home/UserManager/getVerify
INFO: [ app_init ] --START--
INFO: Run Behavior\BuildLiteBehavior [ RunTime:0.000040s ]
INFO: [ app_init ] --END-- [ RunTime:0.000921s ]

[ 2016-11-23T09:25:19+08:00 ] ::1 /weiguanjia/index.php/home/userManager/login?username=wzj&password=123456&verify_code=ahg5
INFO: [ app_init ] --START--
INFO: Run Behavior\BuildLiteBehavior [ RunTime:0.000039s ]
INFO: [ app_init ] --END-- [ RunTime:0.001312s ]

[ 2016-11-23T09:25:19+08:00 ] ::1 /weiguanjia/Home/UserManager/getVerify
INFO: [ app_init ] --START--
INFO: Run Behavior\BuildLiteBehavior [ RunTime:0.000038s ]
INFO: [ app_init ] --END-- [ RunTime:0.000940s ]

[ 2016-11-23T09:26:09+08:00 ] ::1 /weiguanjia/index.php/home/userManager/register.html
INFO: [ app_init ] --START--
INFO: Run Behavior\BuildLiteBehavior [ RunTime:0.000039s ]
INFO: [ app_init ] --END-- [ RunTime:0.000975s ]

[ 2016-11-23T09:26:09+08:00 ] ::1 /weiguanjia/Home/UserManager/getVerify
INFO: [ app_init ] --START--
INFO: Run Behavior\BuildLiteBehavior [ RunTime:0.000040s ]
INFO: [ app_init ] --END-- [ RunTime:0.000898s ]

[ 2016-11-23T09:26:47+08:00 ] ::1 /weiguanjia/index.php/home/userManager/registerPage
INFO: [ app_init ] --START--
INFO: Run Behavior\BuildLiteBehavior [ RunTime:0.000041s ]
INFO: [ app_init ] --END-- [ RunTime:0.000963s ]

[ 2016-11-23T09:26:47+08:00 ] ::1 /weiguanjia/Home/UserManager/getVerify
INFO: [ app_init ] --START--
INFO: Run Behavior\BuildLiteBehavior [ RunTime:0.000041s ]
INFO: [ app_init ] --END-- [ RunTime:0.001035s ]

[ 2016-11-23T09:27:26+08:00 ] ::1 /weiguanjia/index.php/home/userManager/registerPage?username=317619554%40qq.com&password=123456&affirm_password=123456&verify_code=
INFO: [ app_init ] --START--
INFO: Run Behavior\BuildLiteBehavior [ RunTime:0.000088s ]
INFO: [ app_init ] --END-- [ RunTime:0.001176s ]

[ 2016-11-23T09:27:26+08:00 ] ::1 /weiguanjia/Home/UserManager/getVerify
INFO: [ app_init ] --START--
INFO: Run Behavior\BuildLiteBehavior [ RunTime:0.000038s ]
INFO: [ app_init ] --END-- [ RunTime:0.000885s ]

[ 2016-11-23T09:27:55+08:00 ] ::1 /weiguanjia/index.php/home/userManager/registerPage?username=317619554%40qq.com&password=123456&affirm_password=123456&verify_code=dhqw
INFO: [ app_init ] --START--
INFO: Run Behavior\BuildLiteBehavior [ RunTime:0.000085s ]
INFO: [ app_init ] --END-- [ RunTime:0.001471s ]

[ 2016-11-23T09:27:55+08:00 ] ::1 /weiguanjia/Home/UserManager/getVerify
INFO: [ app_init ] --START--
INFO: Run Behavior\BuildLiteBehavior [ RunTime:0.000039s ]
INFO: [ app_init ] --END-- [ RunTime:0.001083s ]

[ 2016-11-23T09:39:37+08:00 ] ::1 /weiguanjia/index.php/home/userManager/registerPage
INFO: [ app_init ] --START--
INFO: Run Behavior\BuildLiteBehavior [ RunTime:0.000037s ]
INFO: [ app_init ] --END-- [ RunTime:0.000875s ]

[ 2016-11-23T09:40:28+08:00 ] ::1 /weiguanjia/index.php/home/userManager/registerPage
INFO: [ app_init ] --START--
INFO: Run Behavior\BuildLiteBehavior [ RunTime:0.000039s ]
INFO: [ app_init ] --END-- [ RunTime:0.000951s ]

[ 2016-11-23T09:40:28+08:00 ] ::1 /weiguanjia/Home/UserManager/getVerify
INFO: [ app_init ] --START--
INFO: Run Behavior\BuildLiteBehavior [ RunTime:0.000083s ]
INFO: [ app_init ] --END-- [ RunTime:0.002510s ]

[ 2016-11-23T09:40:49+08:00 ] ::1 /weiguanjia/index.php/home/userManager/registerPage
INFO: [ app_init ] --START--
INFO: Run Behavior\BuildLiteBehavior [ RunTime:0.000048s ]
INFO: [ app_init ] --END-- [ RunTime:0.000904s ]

[ 2016-11-23T09:40:49+08:00 ] ::1 /weiguanjia/Home/UserManager/getVerify
INFO: [ app_init ] --START--
INFO: Run Behavior\BuildLiteBehavior [ RunTime:0.000060s ]
INFO: [ app_init ] --END-- [ RunTime:0.001596s ]

[ 2016-11-23T09:41:08+08:00 ] ::1 /weiguanjia/index.php/home/userManager/registerPage
INFO: [ app_init ] --START--
INFO: Run Behavior\BuildLiteBehavior [ RunTime:0.000041s ]
INFO: [ app_init ] --END-- [ RunTime:0.001000s ]

[ 2016-11-23T09:41:08+08:00 ] ::1 /weiguanjia/Home/UserManager/getVerify
INFO: [ app_init ] --START--
INFO: Run Behavior\BuildLiteBehavior [ RunTime:0.000039s ]
INFO: [ app_init ] --END-- [ RunTime:0.000983s ]

[ 2016-11-23T09:41:43+08:00 ] ::1 /weiguanjia/index.php/home/userManager/registerPage
INFO: [ app_init ] --START--
INFO: Run Behavior\BuildLiteBehavior [ RunTime:0.000041s ]
INFO: [ app_init ] --END-- [ RunTime:0.001177s ]

[ 2016-11-23T09:41:43+08:00 ] ::1 /weiguanjia/Home/UserManager/getVerify
INFO: [ app_init ] --START--
INFO: Run Behavior\BuildLiteBehavior [ RunTime:0.000258s ]
INFO: [ app_init ] --END-- [ RunTime:0.001925s ]

[ 2016-11-23T09:42:44+08:00 ] ::1 /weiguanjia/index.php/home/userManager/registerPage
INFO: [ app_init ] --START--
INFO: Run Behavior\BuildLiteBehavior [ RunTime:0.000048s ]
INFO: [ app_init ] --END-- [ RunTime:0.000866s ]

[ 2016-11-23T09:42:44+08:00 ] ::1 /weiguanjia/Home/UserManager/getVerify
INFO: [ app_init ] --START--
INFO: Run Behavior\BuildLiteBehavior [ RunTime:0.000042s ]
INFO: [ app_init ] --END-- [ RunTime:0.000907s ]

[ 2016-11-23T09:43:13+08:00 ] ::1 /weiguanjia/index.php/home/userManager/registerPage
INFO: [ app_init ] --START--
INFO: Run Behavior\BuildLiteBehavior [ RunTime:0.000060s ]
INFO: [ app_init ] --END-- [ RunTime:0.001145s ]

[ 2016-11-23T09:43:13+08:00 ] ::1 /weiguanjia/Home/UserManager/getVerify
INFO: [ app_init ] --START--
INFO: Run Behavior\BuildLiteBehavior [ RunTime:0.000038s ]
INFO: [ app_init ] --END-- [ RunTime:0.000898s ]

[ 2016-11-23T09:44:36+08:00 ] ::1 /weiguanjia/index.php/home/userManager/registerPage
INFO: [ app_init ] --START--
INFO: Run Behavior\BuildLiteBehavior [ RunTime:0.000038s ]
INFO: [ app_init ] --END-- [ RunTime:0.000876s ]

[ 2016-11-23T09:44:36+08:00 ] ::1 /weiguanjia/Home/UserManager/getVerify
INFO: [ app_init ] --START--
INFO: Run Behavior\BuildLiteBehavior [ RunTime:0.000038s ]
INFO: [ app_init ] --END-- [ RunTime:0.000942s ]

[ 2016-11-23T09:46:13+08:00 ] ::1 /weiguanjia/index.php/home/userManager/registerPage
INFO: [ app_init ] --START--
INFO: Run Behavior\BuildLiteBehavior [ RunTime:0.000038s ]
INFO: [ app_init ] --END-- [ RunTime:0.000936s ]

[ 2016-11-23T09:46:13+08:00 ] ::1 /weiguanjia/Home/UserManager/getVerify
INFO: [ app_init ] --START--
INFO: Run Behavior\BuildLiteBehavior [ RunTime:0.000039s ]
INFO: [ app_init ] --END-- [ RunTime:0.000823s ]

[ 2016-11-23T09:46:33+08:00 ] ::1 /weiguanjia/index.php/home/userManager/registerPage
INFO: [ app_init ] --START--
INFO: Run Behavior\BuildLiteBehavior [ RunTime:0.000038s ]
INFO: [ app_init ] --END-- [ RunTime:0.000893s ]

[ 2016-11-23T09:46:33+08:00 ] ::1 /weiguanjia/Home/UserManager/getVerify
INFO: [ app_init ] --START--
INFO: Run Behavior\BuildLiteBehavior [ RunTime:0.000038s ]
INFO: [ app_init ] --END-- [ RunTime:0.000868s ]

[ 2016-11-23T09:48:27+08:00 ] ::1 /weiguanjia/index.php/home/userManager/registerPage
INFO: [ app_init ] --START--
INFO: Run Behavior\BuildLiteBehavior [ RunTime:0.000061s ]
INFO: [ app_init ] --END-- [ RunTime:0.001169s ]

[ 2016-11-23T09:48:27+08:00 ] ::1 /weiguanjia/Home/UserManager/getVerify
INFO: [ app_init ] --START--
INFO: Run Behavior\BuildLiteBehavior [ RunTime:0.000047s ]
INFO: [ app_init ] --END-- [ RunTime:0.000887s ]

[ 2016-11-23T09:48:58+08:00 ] ::1 /weiguanjia/index.php/home/userManager/registerPage?username=phpcms&password=123456&affirm_password=123456&verify_code=xhvf
INFO: [ app_init ] --START--
INFO: Run Behavior\BuildLiteBehavior [ RunTime:0.000041s ]
INFO: [ app_init ] --END-- [ RunTime:0.001241s ]

[ 2016-11-23T09:48:58+08:00 ] ::1 /weiguanjia/Home/UserManager/getVerify
INFO: [ app_init ] --START--
INFO: Run Behavior\BuildLiteBehavior [ RunTime:0.000153s ]
INFO: [ app_init ] --END-- [ RunTime:0.002221s ]

[ 2016-11-23T09:50:41+08:00 ] ::1 /weiguanjia/index.php/home/userManager/registerPage?username=phpcms&password=yuan5630&affirm_password=&verify_code=
INFO: [ app_init ] --START--
INFO: Run Behavior\BuildLiteBehavior [ RunTime:0.000038s ]
INFO: [ app_init ] --END-- [ RunTime:0.000917s ]

[ 2016-11-23T09:50:42+08:00 ] ::1 /weiguanjia/Home/UserManager/getVerify
INFO: [ app_init ] --START--
INFO: Run Behavior\BuildLiteBehavior [ RunTime:0.000041s ]
INFO: [ app_init ] --END-- [ RunTime:0.002508s ]

[ 2016-11-23T09:51:40+08:00 ] ::1 /weiguanjia/index.php/home/userManager/registerPage?username=phpcms&password=yuan5630&affirm_password=&verify_code=
INFO: [ app_init ] --START--
INFO: Run Behavior\BuildLiteBehavior [ RunTime:0.000038s ]
INFO: [ app_init ] --END-- [ RunTime:0.000875s ]

[ 2016-11-23T09:51:40+08:00 ] ::1 /weiguanjia/Home/UserManager/getVerify
INFO: [ app_init ] --START--
INFO: Run Behavior\BuildLiteBehavior [ RunTime:0.000038s ]
INFO: [ app_init ] --END-- [ RunTime:0.000918s ]

[ 2016-11-23T09:51:46+08:00 ] ::1 /weiguanjia/index.php/home/userManager/registerPage?username=phpcms&password=yuan5630&affirm_password=&verify_code=
INFO: [ app_init ] --START--
INFO: Run Behavior\BuildLiteBehavior [ RunTime:0.000040s ]
INFO: [ app_init ] --END-- [ RunTime:0.000967s ]

[ 2016-11-23T09:51:46+08:00 ] ::1 /weiguanjia/Home/UserManager/getVerify
INFO: [ app_init ] --START--
INFO: Run Behavior\BuildLiteBehavior [ RunTime:0.000040s ]
INFO: [ app_init ] --END-- [ RunTime:0.001464s ]

[ 2016-11-23T09:55:17+08:00 ] ::1 /weiguanjia/index.php/home/userManager/registerPage
INFO: [ app_init ] --START--
INFO: Run Behavior\BuildLiteBehavior [ RunTime:0.000135s ]
INFO: [ app_init ] --END-- [ RunTime:0.001940s ]

[ 2016-11-23T09:55:17+08:00 ] ::1 /weiguanjia/Home/UserManager/getVerify
INFO: [ app_init ] --START--
INFO: Run Behavior\BuildLiteBehavior [ RunTime:0.000140s ]
INFO: [ app_init ] --END-- [ RunTime:0.001617s ]

[ 2016-11-23T09:55:23+08:00 ] ::1 /weiguanjia/Home/UserManager/register
INFO: [ app_init ] --START--
INFO: Run Behavior\BuildLiteBehavior [ RunTime:0.000040s ]
INFO: [ app_init ] --END-- [ RunTime:0.001031s ]
ERR: 模板不存在:./Application/Home/View/UserManager/register.html

[ 2016-11-23T09:56:01+08:00 ] ::1 /weiguanjia/Home/UserManager/register
INFO: [ app_init ] --START--
INFO: Run Behavior\BuildLiteBehavior [ RunTime:0.000039s ]
INFO: [ app_init ] --END-- [ RunTime:0.000974s ]
ERR: 模板不存在:./Application/Home/View/UserManager/register.html

[ 2016-11-23T09:56:51+08:00 ] ::1 /weiguanjia/index.php/home/userManager/registerPage
INFO: [ app_init ] --START--
INFO: Run Behavior\BuildLiteBehavior [ RunTime:0.000069s ]
INFO: [ app_init ] --END-- [ RunTime:0.001434s ]

[ 2016-11-23T09:56:52+08:00 ] ::1 /weiguanjia/Home/UserManager/getVerify
INFO: [ app_init ] --START--
INFO: Run Behavior\BuildLiteBehavior [ RunTime:0.000038s ]
INFO: [ app_init ] --END-- [ RunTime:0.000778s ]

[ 2016-11-23T09:56:59+08:00 ] ::1 /weiguanjia/Home/UserManager/register
INFO: [ app_init ] --START--
INFO: Run Behavior\BuildLiteBehavior [ RunTime:0.000038s ]
INFO: [ app_init ] --END-- [ RunTime:0.000867s ]
ERR: 模板不存在:./Application/Home/View/UserManager/register.html

[ 2016-11-23T09:57:42+08:00 ] ::1 /weiguanjia/index.php/home/userManager/registerPage
INFO: [ app_init ] --START--
INFO: Run Behavior\BuildLiteBehavior [ RunTime:0.000137s ]
INFO: [ app_init ] --END-- [ RunTime:0.002693s ]

[ 2016-11-23T09:57:43+08:00 ] ::1 /weiguanjia/Home/UserManager/getVerify
INFO: [ app_init ] --START--
INFO: Run Behavior\BuildLiteBehavior [ RunTime:0.000041s ]
INFO: [ app_init ] --END-- [ RunTime:0.001012s ]

[ 2016-11-23T09:57:46+08:00 ] ::1 /weiguanjia/Home/UserManager/register
INFO: [ app_init ] --START--
INFO: Run Behavior\BuildLiteBehavior [ RunTime:0.000138s ]
INFO: [ app_init ] --END-- [ RunTime:0.001552s ]

[ 2016-11-23T09:57:46+08:00 ] ::1 /weiguanjia/Home/UserManager/getVerify
INFO: [ app_init ] --START--
INFO: Run Behavior\BuildLiteBehavior [ RunTime:0.000151s ]
INFO: [ app_init ] --END-- [ RunTime:0.001930s ]

[ 2016-11-23T09:57:49+08:00 ] ::1 /weiguanjia/Home/UserManager/register
INFO: [ app_init ] --START--
INFO: Run Behavior\BuildLiteBehavior [ RunTime:0.000040s ]
INFO: [ app_init ] --END-- [ RunTime:0.000982s ]

[ 2016-11-23T09:57:49+08:00 ] ::1 /weiguanjia/Home/UserManager/getVerify
INFO: [ app_init ] --START--
INFO: Run Behavior\BuildLiteBehavior [ RunTime:0.000038s ]
INFO: [ app_init ] --END-- [ RunTime:0.001850s ]

[ 2016-11-23T09:57:53+08:00 ] ::1 /weiguanjia/Home/UserManager/register
INFO: [ app_init ] --START--
INFO: Run Behavior\BuildLiteBehavior [ RunTime:0.000207s ]
INFO: [ app_init ] --END-- [ RunTime:0.002139s ]

[ 2016-11-23T09:57:53+08:00 ] ::1 /weiguanjia/Home/UserManager/getVerify
INFO: [ app_init ] --START--
INFO: Run Behavior\BuildLiteBehavior [ RunTime:0.000040s ]
INFO: [ app_init ] --END-- [ RunTime:0.000871s ]

[ 2016-11-23T09:58:36+08:00 ] ::1 /weiguanjia/Home/UserManager/register
INFO: [ app_init ] --START--
INFO: Run Behavior\BuildLiteBehavior [ RunTime:0.000040s ]
INFO: [ app_init ] --END-- [ RunTime:0.000942s ]

[ 2016-11-23T09:58:37+08:00 ] ::1 /weiguanjia/Home/UserManager/getVerify
INFO: [ app_init ] --START--
INFO: Run Behavior\BuildLiteBehavior [ RunTime:0.000040s ]
INFO: [ app_init ] --END-- [ RunTime:0.000880s ]

[ 2016-11-23T09:59:07+08:00 ] ::1 /weiguanjia/Home/UserManager/register
INFO: [ app_init ] --START--
INFO: Run Behavior\BuildLiteBehavior [ RunTime:0.000037s ]
INFO: [ app_init ] --END-- [ RunTime:0.000849s ]

[ 2016-11-23T09:59:08+08:00 ] ::1 /weiguanjia/Home/UserManager/getVerify
INFO: [ app_init ] --START--
INFO: Run Behavior\BuildLiteBehavior [ RunTime:0.000040s ]
INFO: [ app_init ] --END-- [ RunTime:0.000874s ]

[ 2016-11-23T09:59:19+08:00 ] ::1 /weiguanjia/Home/UserManager/registerPage
INFO: [ app_init ] --START--
INFO: Run Behavior\BuildLiteBehavior [ RunTime:0.000038s ]
INFO: [ app_init ] --END-- [ RunTime:0.000859s ]

[ 2016-11-23T09:59:20+08:00 ] ::1 /weiguanjia/Home/UserManager/getVerify
INFO: [ app_init ] --START--
INFO: Run Behavior\BuildLiteBehavior [ RunTime:0.000044s ]
INFO: [ app_init ] --END-- [ RunTime:0.003005s ]

[ 2016-11-23T09:59:25+08:00 ] ::1 /weiguanjia/Home/UserManager/register
INFO: [ app_init ] --START--
INFO: Run Behavior\BuildLiteBehavior [ RunTime:0.000038s ]
INFO: [ app_init ] --END-- [ RunTime:0.000875s ]

[ 2016-11-23T09:59:25+08:00 ] ::1 /weiguanjia/Home/UserManager/getVerify
INFO: [ app_init ] --START--
INFO: Run Behavior\BuildLiteBehavior [ RunTime:0.000039s ]
INFO: [ app_init ] --END-- [ RunTime:0.000968s ]

[ 2016-11-23T10:02:14+08:00 ] ::1 /weiguanjia/Home/UserManager/registerPage
INFO: [ app_init ] --START--
INFO: Run Behavior\BuildLiteBehavior [ RunTime:0.000043s ]
INFO: [ app_init ] --END-- [ RunTime:0.001060s ]

[ 2016-11-23T10:02:14+08:00 ] ::1 /weiguanjia/Home/UserManager/getVerify
INFO: [ app_init ] --START--
INFO: Run Behavior\BuildLiteBehavior [ RunTime:0.000081s ]
INFO: [ app_init ] --END-- [ RunTime:0.001764s ]

[ 2016-11-23T10:02:54+08:00 ] ::1 /weiguanjia/Home/UserManager/registerPage
INFO: [ app_init ] --START--
INFO: Run Behavior\BuildLiteBehavior [ RunTime:0.000042s ]
INFO: [ app_init ] --END-- [ RunTime:0.001328s ]

[ 2016-11-23T10:02:54+08:00 ] ::1 /weiguanjia/Home/UserManager/getVerify
INFO: [ app_init ] --START--
INFO: Run Behavior\BuildLiteBehavior [ RunTime:0.000096s ]
INFO: [ app_init ] --END-- [ RunTime:0.001157s ]

[ 2016-11-23T10:03:57+08:00 ] ::1 /weiguanjia/Home/UserManager/registerPage
INFO: [ app_init ] --START--
INFO: Run Behavior\BuildLiteBehavior [ RunTime:0.000037s ]
INFO: [ app_init ] --END-- [ RunTime:0.000897s ]

[ 2016-11-23T10:03:58+08:00 ] ::1 /weiguanjia/Home/UserManager/getVerify
INFO: [ app_init ] --START--
INFO: Run Behavior\BuildLiteBehavior [ RunTime:0.000072s ]
INFO: [ app_init ] --END-- [ RunTime:0.001499s ]

[ 2016-11-23T10:04:22+08:00 ] ::1 /weiguanjia/Home/UserManager/register
INFO: [ app_init ] --START--
INFO: Run Behavior\BuildLiteBehavior [ RunTime:0.000040s ]
INFO: [ app_init ] --END-- [ RunTime:0.000994s ]

[ 2016-11-23T10:04:22+08:00 ] ::1 /weiguanjia/Home/UserManager/getVerify
INFO: [ app_init ] --START--
INFO: Run Behavior\BuildLiteBehavior [ RunTime:0.000039s ]
INFO: [ app_init ] --END-- [ RunTime:0.001605s ]

[ 2016-11-23T10:05:21+08:00 ] ::1 /weiguanjia/Home/UserManager/register
INFO: [ app_init ] --START--
INFO: Run Behavior\BuildLiteBehavior [ RunTime:0.000039s ]
INFO: [ app_init ] --END-- [ RunTime:0.001239s ]

[ 2016-11-23T10:05:22+08:00 ] ::1 /weiguanjia/Home/UserManager/getVerify
INFO: [ app_init ] --START--
INFO: Run Behavior\BuildLiteBehavior [ RunTime:0.000039s ]
INFO: [ app_init ] --END-- [ RunTime:0.000967s ]

[ 2016-11-23T10:05:36+08:00 ] ::1 /weiguanjia/Home/UserManager/register
INFO: [ app_init ] --START--
INFO: Run Behavior\BuildLiteBehavior [ RunTime:0.000038s ]
INFO: [ app_init ] --END-- [ RunTime:0.000838s ]

[ 2016-11-23T10:05:36+08:00 ] ::1 /weiguanjia/Home/UserManager/getVerify
INFO: [ app_init ] --START--
INFO: Run Behavior\BuildLiteBehavior [ RunTime:0.000040s ]
INFO: [ app_init ] --END-- [ RunTime:0.001615s ]

[ 2016-11-23T10:06:53+08:00 ] ::1 /weiguanjia/Home/UserManager/register
INFO: [ app_init ] --START--
INFO: Run Behavior\BuildLiteBehavior [ RunTime:0.000036s ]
INFO: [ app_init ] --END-- [ RunTime:0.000835s ]

[ 2016-11-23T10:06:54+08:00 ] ::1 /weiguanjia/Home/UserManager/getVerify
INFO: [ app_init ] --START--
INFO: Run Behavior\BuildLiteBehavior [ RunTime:0.000069s ]
INFO: [ app_init ] --END-- [ RunTime:0.001639s ]

[ 2016-11-23T10:07:01+08:00 ] ::1 /weiguanjia/Home/UserManager/register
INFO: [ app_init ] --START--
INFO: Run Behavior\BuildLiteBehavior [ RunTime:0.000041s ]
INFO: [ app_init ] --END-- [ RunTime:0.001228s ]

[ 2016-11-23T10:07:01+08:00 ] ::1 /weiguanjia/Home/UserManager/getVerify
INFO: [ app_init ] --START--
INFO: Run Behavior\BuildLiteBehavior [ RunTime:0.000073s ]
INFO: [ app_init ] --END-- [ RunTime:0.002315s ]

[ 2016-11-23T10:07:27+08:00 ] ::1 /weiguanjia/Home/UserManager/register
INFO: [ app_init ] --START--
INFO: Run Behavior\BuildLiteBehavior [ RunTime:0.000040s ]
INFO: [ app_init ] --END-- [ RunTime:0.001271s ]

[ 2016-11-23T10:07:27+08:00 ] ::1 /weiguanjia/Home/UserManager/getVerify
INFO: [ app_init ] --START--
INFO: Run Behavior\BuildLiteBehavior [ RunTime:0.000105s ]
INFO: [ app_init ] --END-- [ RunTime:0.002145s ]

[ 2016-11-23T10:08:44+08:00 ] ::1 /weiguanjia/Home/UserManager/register
INFO: [ app_init ] --START--
INFO: Run Behavior\BuildLiteBehavior [ RunTime:0.000040s ]
INFO: [ app_init ] --END-- [ RunTime:0.000986s ]

[ 2016-11-23T10:08:44+08:00 ] ::1 /weiguanjia/Home/UserManager/getVerify
INFO: [ app_init ] --START--
INFO: Run Behavior\BuildLiteBehavior [ RunTime:0.000072s ]
INFO: [ app_init ] --END-- [ RunTime:0.001469s ]

[ 2016-11-23T10:09:07+08:00 ] ::1 /weiguanjia/Home/UserManager/register
INFO: [ app_init ] --START--
INFO: Run Behavior\BuildLiteBehavior [ RunTime:0.000072s ]
INFO: [ app_init ] --END-- [ RunTime:0.001193s ]

[ 2016-11-23T10:09:07+08:00 ] ::1 /weiguanjia/Home/UserManager/getVerify
INFO: [ app_init ] --START--
INFO: Run Behavior\BuildLiteBehavior [ RunTime:0.000046s ]
INFO: [ app_init ] --END-- [ RunTime:0.001134s ]

[ 2016-11-23T10:10:03+08:00 ] ::1 /weiguanjia/Home/UserManager/register
INFO: [ app_init ] --START--
INFO: Run Behavior\BuildLiteBehavior [ RunTime:0.000067s ]
INFO: [ app_init ] --END-- [ RunTime:0.001624s ]

[ 2016-11-23T10:10:03+08:00 ] ::1 /weiguanjia/Home/UserManager/getVerify
INFO: [ app_init ] --START--
INFO: Run Behavior\BuildLiteBehavior [ RunTime:0.000038s ]
INFO: [ app_init ] --END-- [ RunTime:0.000967s ]

[ 2016-11-23T10:11:18+08:00 ] ::1 /weiguanjia/Home/UserManager/register
INFO: [ app_init ] --START--
INFO: Run Behavior\BuildLiteBehavior [ RunTime:0.000040s ]
INFO: [ app_init ] --END-- [ RunTime:0.001017s ]

[ 2016-11-23T10:11:19+08:00 ] ::1 /weiguanjia/Home/UserManager/getVerify
INFO: [ app_init ] --START--
INFO: Run Behavior\BuildLiteBehavior [ RunTime:0.000089s ]
INFO: [ app_init ] --END-- [ RunTime:0.001441s ]

[ 2016-11-23T10:13:17+08:00 ] ::1 /weiguanjia/Home/UserManager/register
INFO: [ app_init ] --START--
INFO: Run Behavior\BuildLiteBehavior [ RunTime:0.000040s ]
INFO: [ app_init ] --END-- [ RunTime:0.000978s ]

[ 2016-11-23T10:13:17+08:00 ] ::1 /weiguanjia/Home/UserManager/getVerify
INFO: [ app_init ] --START--
INFO: Run Behavior\BuildLiteBehavior [ RunTime:0.000076s ]
INFO: [ app_init ] --END-- [ RunTime:0.001352s ]

[ 2016-11-23T10:13:31+08:00 ] ::1 /weiguanjia/Home/UserManager/register
INFO: [ app_init ] --START--
INFO: Run Behavior\BuildLiteBehavior [ RunTime:0.000037s ]
INFO: [ app_init ] --END-- [ RunTime:0.000898s ]

[ 2016-11-23T10:13:31+08:00 ] ::1 /weiguanjia/Home/UserManager/getVerify
INFO: [ app_init ] --START--
INFO: Run Behavior\BuildLiteBehavior [ RunTime:0.000072s ]
INFO: [ app_init ] --END-- [ RunTime:0.001222s ]

[ 2016-11-23T10:13:48+08:00 ] ::1 /weiguanjia/Home/UserManager/register
INFO: [ app_init ] --START--
INFO: Run Behavior\BuildLiteBehavior [ RunTime:0.000045s ]
INFO: [ app_init ] --END-- [ RunTime:0.001341s ]

[ 2016-11-23T10:13:48+08:00 ] ::1 /weiguanjia/Home/UserManager/getVerify
INFO: [ app_init ] --START--
INFO: Run Behavior\BuildLiteBehavior [ RunTime:0.000065s ]
INFO: [ app_init ] --END-- [ RunTime:0.001432s ]

[ 2016-11-23T10:14:03+08:00 ] ::1 /weiguanjia/Home/UserManager/register
INFO: [ app_init ] --START--
INFO: Run Behavior\BuildLiteBehavior [ RunTime:0.000039s ]
INFO: [ app_init ] --END-- [ RunTime:0.000973s ]

[ 2016-11-23T10:14:03+08:00 ] ::1 /weiguanjia/Home/UserManager/getVerify
INFO: [ app_init ] --START--
INFO: Run Behavior\BuildLiteBehavior [ RunTime:0.000042s ]
INFO: [ app_init ] --END-- [ RunTime:0.002451s ]

[ 2016-11-23T10:15:04+08:00 ] ::1 /weiguanjia/Home/UserManager/register
INFO: [ app_init ] --START--
INFO: Run Behavior\BuildLiteBehavior [ RunTime:0.000038s ]
INFO: [ app_init ] --END-- [ RunTime:0.000919s ]

[ 2016-11-23T10:15:04+08:00 ] ::1 /weiguanjia/Home/UserManager/getVerify
INFO: [ app_init ] --START--
INFO: Run Behavior\BuildLiteBehavior [ RunTime:0.000039s ]
INFO: [ app_init ] --END-- [ RunTime:0.000897s ]

[ 2016-11-23T10:17:52+08:00 ] ::1 /weiguanjia/Home/UserManager/register
INFO: [ app_init ] --START--
INFO: Run Behavior\BuildLiteBehavior [ RunTime:0.000038s ]
INFO: [ app_init ] --END-- [ RunTime:0.000938s ]

[ 2016-11-23T10:17:52+08:00 ] ::1 /weiguanjia/Home/UserManager/getVerify
INFO: [ app_init ] --START--
INFO: Run Behavior\BuildLiteBehavior [ RunTime:0.000074s ]
INFO: [ app_init ] --END-- [ RunTime:0.001379s ]

[ 2016-11-23T10:19:10+08:00 ] ::1 /weiguanjia/Home/UserManager/register
INFO: [ app_init ] --START--
INFO: Run Behavior\BuildLiteBehavior [ RunTime:0.000039s ]
INFO: [ app_init ] --END-- [ RunTime:0.000992s ]

[ 2016-11-23T10:19:10+08:00 ] ::1 /weiguanjia/Home/UserManager/getVerify
INFO: [ app_init ] --START--
INFO: Run Behavior\BuildLiteBehavior [ RunTime:0.000040s ]
INFO: [ app_init ] --END-- [ RunTime:0.000921s ]

[ 2016-11-23T10:21:26+08:00 ] ::1 /weiguanjia/Home/UserManager/register
INFO: [ app_init ] --START--
INFO: Run Behavior\BuildLiteBehavior [ RunTime:0.000039s ]
INFO: [ app_init ] --END-- [ RunTime:0.000966s ]

[ 2016-11-23T10:21:26+08:00 ] ::1 /weiguanjia/Home/UserManager/getVerify
INFO: [ app_init ] --START--
INFO: Run Behavior\BuildLiteBehavior [ RunTime:0.000108s ]
INFO: [ app_init ] --END-- [ RunTime:0.002467s ]

[ 2016-11-23T10:22:29+08:00 ] ::1 /weiguanjia/Home/UserManager/register
INFO: [ app_init ] --START--
INFO: Run Behavior\BuildLiteBehavior [ RunTime:0.000038s ]
INFO: [ app_init ] --END-- [ RunTime:0.000912s ]

[ 2016-11-23T10:22:29+08:00 ] ::1 /weiguanjia/Home/UserManager/getVerify
INFO: [ app_init ] --START--
INFO: Run Behavior\BuildLiteBehavior [ RunTime:0.000087s ]
INFO: [ app_init ] --END-- [ RunTime:0.001159s ]

[ 2016-11-23T10:23:40+08:00 ] ::1 /weiguanjia/Home/UserManager/register
INFO: [ app_init ] --START--
INFO: Run Behavior\BuildLiteBehavior [ RunTime:0.000037s ]
INFO: [ app_init ] --END-- [ RunTime:0.000909s ]

[ 2016-11-23T10:23:40+08:00 ] ::1 /weiguanjia/Home/UserManager/getVerify
INFO: [ app_init ] --START--
INFO: Run Behavior\BuildLiteBehavior [ RunTime:0.000131s ]
INFO: [ app_init ] --END-- [ RunTime:0.002071s ]

[ 2016-11-23T10:27:57+08:00 ] ::1 /weiguanjia/Home/UserManager/register
INFO: [ app_init ] --START--
INFO: Run Behavior\BuildLiteBehavior [ RunTime:0.000035s ]
INFO: [ app_init ] --END-- [ RunTime:0.000848s ]

[ 2016-11-23T10:27:58+08:00 ] ::1 /weiguanjia/Home/UserManager/getVerify
INFO: [ app_init ] --START--
INFO: Run Behavior\BuildLiteBehavior [ RunTime:0.000140s ]
INFO: [ app_init ] --END-- [ RunTime:0.001789s ]

[ 2016-11-23T10:29:11+08:00 ] ::1 /weiguanjia/Home/UserManager/register
INFO: [ app_init ] --START--
INFO: Run Behavior\BuildLiteBehavior [ RunTime:0.000037s ]
INFO: [ app_init ] --END-- [ RunTime:0.000870s ]

[ 2016-11-23T10:29:11+08:00 ] ::1 /weiguanjia/Home/UserManager/getVerify
INFO: [ app_init ] --START--
INFO: Run Behavior\BuildLiteBehavior [ RunTime:0.000040s ]
INFO: [ app_init ] --END-- [ RunTime:0.000918s ]

[ 2016-11-23T10:29:40+08:00 ] ::1 /weiguanjia/Home/UserManager/register
INFO: [ app_init ] --START--
INFO: Run Behavior\BuildLiteBehavior [ RunTime:0.000037s ]
INFO: [ app_init ] --END-- [ RunTime:0.000877s ]

[ 2016-11-23T10:29:40+08:00 ] ::1 /weiguanjia/Home/UserManager/getVerify
INFO: [ app_init ] --START--
INFO: Run Behavior\BuildLiteBehavior [ RunTime:0.000040s ]
INFO: [ app_init ] --END-- [ RunTime:0.001169s ]

[ 2016-11-23T10:34:12+08:00 ] ::1 /weiguanjia/Home/UserManager/register
INFO: [ app_init ] --START--
INFO: Run Behavior\BuildLiteBehavior [ RunTime:0.000039s ]
INFO: [ app_init ] --END-- [ RunTime:0.000954s ]

[ 2016-11-23T10:34:13+08:00 ] ::1 /weiguanjia/Home/UserManager/getVerify
INFO: [ app_init ] --START--
INFO: Run Behavior\BuildLiteBehavior [ RunTime:0.000075s ]
INFO: [ app_init ] --END-- [ RunTime:0.001457s ]

[ 2016-11-23T10:34:25+08:00 ] ::1 /weiguanjia/Home/UserManager/register
INFO: [ app_init ] --START--
INFO: Run Behavior\BuildLiteBehavior [ RunTime:0.000039s ]
INFO: [ app_init ] --END-- [ RunTime:0.000841s ]

[ 2016-11-23T10:34:25+08:00 ] ::1 /weiguanjia/Home/UserManager/getVerify
INFO: [ app_init ] --START--
INFO: Run Behavior\BuildLiteBehavior [ RunTime:0.000040s ]
INFO: [ app_init ] --END-- [ RunTime:0.000927s ]

[ 2016-11-23T10:34:35+08:00 ] ::1 /weiguanjia/Home/UserManager/register
INFO: [ app_init ] --START--
INFO: Run Behavior\BuildLiteBehavior [ RunTime:0.000063s ]
INFO: [ app_init ] --END-- [ RunTime:0.001073s ]

[ 2016-11-23T10:34:35+08:00 ] ::1 /weiguanjia/Home/UserManager/getVerify
INFO: [ app_init ] --START--
INFO: Run Behavior\BuildLiteBehavior [ RunTime:0.000040s ]
INFO: [ app_init ] --END-- [ RunTime:0.000934s ]

[ 2016-11-23T10:34:44+08:00 ] ::1 /weiguanjia/Home/UserManager/register
INFO: [ app_init ] --START--
INFO: Run Behavior\BuildLiteBehavior [ RunTime:0.000035s ]
INFO: [ app_init ] --END-- [ RunTime:0.000824s ]

[ 2016-11-23T10:34:44+08:00 ] ::1 /weiguanjia/Home/UserManager/getVerify
INFO: [ app_init ] --START--
INFO: Run Behavior\BuildLiteBehavior [ RunTime:0.000040s ]
INFO: [ app_init ] --END-- [ RunTime:0.000855s ]

[ 2016-11-23T10:35:32+08:00 ] ::1 /weiguanjia/Home/UserManager/register
INFO: [ app_init ] --START--
INFO: Run Behavior\BuildLiteBehavior [ RunTime:0.000035s ]
INFO: [ app_init ] --END-- [ RunTime:0.000876s ]

[ 2016-11-23T10:35:33+08:00 ] ::1 /weiguanjia/Home/UserManager/getVerify
INFO: [ app_init ] --START--
INFO: Run Behavior\BuildLiteBehavior [ RunTime:0.000039s ]
INFO: [ app_init ] --END-- [ RunTime:0.000905s ]

[ 2016-11-23T10:35:46+08:00 ] ::1 /weiguanjia/Home/UserManager/register
INFO: [ app_init ] --START--
INFO: Run Behavior\BuildLiteBehavior [ RunTime:0.000042s ]
INFO: [ app_init ] --END-- [ RunTime:0.001099s ]

[ 2016-11-23T10:35:46+08:00 ] ::1 /weiguanjia/Home/UserManager/getVerify
INFO: [ app_init ] --START--
INFO: Run Behavior\BuildLiteBehavior [ RunTime:0.000038s ]
INFO: [ app_init ] --END-- [ RunTime:0.000865s ]

[ 2016-11-23T10:38:09+08:00 ] ::1 /weiguanjia/Home/UserManager/register
INFO: [ app_init ] --START--
INFO: Run Behavior\BuildLiteBehavior [ RunTime:0.000040s ]
INFO: [ app_init ] --END-- [ RunTime:0.000895s ]

[ 2016-11-23T10:40:08+08:00 ] ::1 /weiguanjia/Home/UserManager/getVerify
INFO: [ app_init ] --START--
INFO: Run Behavior\BuildLiteBehavior [ RunTime:0.000074s ]
INFO: [ app_init ] --END-- [ RunTime:0.001489s ]

[ 2016-11-23T10:40:31+08:00 ] ::1 /weiguanjia/Home/UserManager/register
INFO: [ app_init ] --START--
INFO: Run Behavior\BuildLiteBehavior [ RunTime:0.000044s ]
INFO: [ app_init ] --END-- [ RunTime:0.001629s ]

[ 2016-11-23T10:40:31+08:00 ] ::1 /weiguanjia/Home/UserManager/getVerify
INFO: [ app_init ] --START--
INFO: Run Behavior\BuildLiteBehavior [ RunTime:0.000043s ]
INFO: [ app_init ] --END-- [ RunTime:0.000826s ]

[ 2016-11-23T10:41:05+08:00 ] ::1 /weiguanjia/Home/UserManager/register
INFO: [ app_init ] --START--
INFO: Run Behavior\BuildLiteBehavior [ RunTime:0.000042s ]
INFO: [ app_init ] --END-- [ RunTime:0.000947s ]

[ 2016-11-23T10:41:05+08:00 ] ::1 /weiguanjia/Home/UserManager/getVerify
INFO: [ app_init ] --START--
INFO: Run Behavior\BuildLiteBehavior [ RunTime:0.000040s ]
INFO: [ app_init ] --END-- [ RunTime:0.001251s ]

[ 2016-11-23T10:41:27+08:00 ] ::1 /weiguanjia/Home/UserManager/register
INFO: [ app_init ] --START--
INFO: Run Behavior\BuildLiteBehavior [ RunTime:0.000042s ]
INFO: [ app_init ] --END-- [ RunTime:0.000886s ]

[ 2016-11-23T10:41:30+08:00 ] ::1 /weiguanjia/Home/UserManager/loginPage
INFO: [ app_init ] --START--
INFO: Run Behavior\BuildLiteBehavior [ RunTime:0.000074s ]
INFO: [ app_init ] --END-- [ RunTime:0.000854s ]

[ 2016-11-23T10:41:30+08:00 ] ::1 /weiguanjia/Home/UserManager/getVerify
INFO: [ app_init ] --START--
INFO: Run Behavior\BuildLiteBehavior [ RunTime:0.000075s ]
INFO: [ app_init ] --END-- [ RunTime:0.001422s ]

[ 2016-11-23T10:49:19+08:00 ] ::1 /weiguanjia/Home/UserManager/register.html
INFO: [ app_init ] --START--
INFO: Run Behavior\BuildLiteBehavior [ RunTime:0.000376s ]
INFO: [ app_init ] --END-- [ RunTime:0.002275s ]

[ 2016-11-23T10:49:20+08:00 ] ::1 /weiguanjia/Home/UserManager/getVerify
INFO: [ app_init ] --START--
INFO: Run Behavior\BuildLiteBehavior [ RunTime:0.000071s ]
INFO: [ app_init ] --END-- [ RunTime:0.009191s ]

[ 2016-11-23T10:49:32+08:00 ] ::1 /weiguanjia/Home/UserManager/registerPage
INFO: [ app_init ] --START--
INFO: Run Behavior\BuildLiteBehavior [ RunTime:0.000041s ]
INFO: [ app_init ] --END-- [ RunTime:0.001528s ]

[ 2016-11-23T10:49:32+08:00 ] ::1 /weiguanjia/Home/UserManager/getVerify
INFO: [ app_init ] --START--
INFO: Run Behavior\BuildLiteBehavior [ RunTime:0.000040s ]
INFO: [ app_init ] --END-- [ RunTime:0.001798s ]

[ 2016-11-23T10:50:04+08:00 ] ::1 /weiguanjia/Home/UserManager/register
INFO: [ app_init ] --START--
INFO: Run Behavior\BuildLiteBehavior [ RunTime:0.000039s ]
INFO: [ app_init ] --END-- [ RunTime:0.000940s ]

[ 2016-11-23T10:50:04+08:00 ] ::1 /weiguanjia/Home/UserManager/getVerify
INFO: [ app_init ] --START--
INFO: Run Behavior\BuildLiteBehavior [ RunTime:0.000041s ]
INFO: [ app_init ] --END-- [ RunTime:0.000912s ]

[ 2016-11-23T10:52:40+08:00 ] ::1 /weiguanjia/Home/UserManager/registerPage
INFO: [ app_init ] --START--
INFO: Run Behavior\BuildLiteBehavior [ RunTime:0.000044s ]
INFO: [ app_init ] --END-- [ RunTime:0.001419s ]

[ 2016-11-23T10:52:41+08:00 ] ::1 /weiguanjia/Home/UserManager/getVerify
INFO: [ app_init ] --START--
INFO: Run Behavior\BuildLiteBehavior [ RunTime:0.000039s ]
INFO: [ app_init ] --END-- [ RunTime:0.000885s ]

[ 2016-11-23T10:53:15+08:00 ] ::1 /weiguanjia/Home/UserManager/register
INFO: [ app_init ] --START--
INFO: Run Behavior\BuildLiteBehavior [ RunTime:0.000038s ]
INFO: [ app_init ] --END-- [ RunTime:0.000905s ]

[ 2016-11-23T10:53:18+08:00 ] ::1 /weiguanjia/Home/UserManager/loginPage
INFO: [ app_init ] --START--
INFO: Run Behavior\BuildLiteBehavior [ RunTime:0.000042s ]
INFO: [ app_init ] --END-- [ RunTime:0.000896s ]

[ 2016-11-23T10:53:18+08:00 ] ::1 /weiguanjia/Home/UserManager/getVerify
INFO: [ app_init ] --START--
INFO: Run Behavior\BuildLiteBehavior [ RunTime:0.000077s ]
INFO: [ app_init ] --END-- [ RunTime:0.001923s ]

[ 2016-11-23T10:54:54+08:00 ] ::1 /weiguanjia/Home/UserManager/registerPage
INFO: [ app_init ] --START--
INFO: Run Behavior\BuildLiteBehavior [ RunTime:0.000058s ]
INFO: [ app_init ] --END-- [ RunTime:0.000930s ]

[ 2016-11-23T10:54:55+08:00 ] ::1 /weiguanjia/Home/UserManager/getVerify
INFO: [ app_init ] --START--
INFO: Run Behavior\BuildLiteBehavior [ RunTime:0.000049s ]
INFO: [ app_init ] --END-- [ RunTime:0.000983s ]

[ 2016-11-23T10:55:20+08:00 ] ::1 /weiguanjia/Home/UserManager/register
INFO: [ app_init ] --START--
INFO: Run Behavior\BuildLiteBehavior [ RunTime:0.000054s ]
INFO: [ app_init ] --END-- [ RunTime:0.001037s ]

[ 2016-11-23T10:55:23+08:00 ] ::1 /weiguanjia/Home/UserManager/loginPage
INFO: [ app_init ] --START--
INFO: Run Behavior\BuildLiteBehavior [ RunTime:0.000044s ]
INFO: [ app_init ] --END-- [ RunTime:0.001125s ]

[ 2016-11-23T10:55:23+08:00 ] ::1 /weiguanjia/Home/UserManager/getVerify
INFO: [ app_init ] --START--
INFO: Run Behavior\BuildLiteBehavior [ RunTime:0.000042s ]
INFO: [ app_init ] --END-- [ RunTime:0.000904s ]

[ 2016-11-23T11:00:33+08:00 ] ::1 /weiguanjia/Home/UserManager/registerPage
INFO: [ app_init ] --START--
INFO: Run Behavior\BuildLiteBehavior [ RunTime:0.000044s ]
INFO: [ app_init ] --END-- [ RunTime:0.001085s ]

[ 2016-11-23T11:00:33+08:00 ] ::1 /weiguanjia/Home/UserManager/getVerify
INFO: [ app_init ] --START--
INFO: Run Behavior\BuildLiteBehavior [ RunTime:0.000097s ]
INFO: [ app_init ] --END-- [ RunTime:0.001724s ]

[ 2016-11-23T11:01:05+08:00 ] ::1 /weiguanjia/Home/UserManager/register
INFO: [ app_init ] --START--
INFO: Run Behavior\BuildLiteBehavior [ RunTime:0.000045s ]
INFO: [ app_init ] --END-- [ RunTime:0.001441s ]

[ 2016-11-23T11:01:08+08:00 ] ::1 /weiguanjia/Home/UserManager/loginPage
INFO: [ app_init ] --START--
INFO: Run Behavior\BuildLiteBehavior [ RunTime:0.000065s ]
INFO: [ app_init ] --END-- [ RunTime:0.000966s ]

[ 2016-11-23T11:01:08+08:00 ] ::1 /weiguanjia/Home/UserManager/getVerify
INFO: [ app_init ] --START--
INFO: Run Behavior\BuildLiteBehavior [ RunTime:0.000042s ]
INFO: [ app_init ] --END-- [ RunTime:0.000853s ]

[ 2016-11-23T11:02:05+08:00 ] ::1 /weiguanjia/Home/UserManager/registerPage
INFO: [ app_init ] --START--
INFO: Run Behavior\BuildLiteBehavior [ RunTime:0.000051s ]
INFO: [ app_init ] --END-- [ RunTime:0.000868s ]

[ 2016-11-23T11:02:05+08:00 ] ::1 /weiguanjia/Home/UserManager/getVerify
INFO: [ app_init ] --START--
INFO: Run Behavior\BuildLiteBehavior [ RunTime:0.000044s ]
INFO: [ app_init ] --END-- [ RunTime:0.000886s ]

[ 2016-11-23T11:17:19+08:00 ] ::1 /weiguanjia/Home/UserManager/loginPage
INFO: [ app_init ] --START--
INFO: Run Behavior\BuildLiteBehavior [ RunTime:0.000047s ]
INFO: [ app_init ] --END-- [ RunTime:0.001070s ]

[ 2016-11-23T11:17:19+08:00 ] ::1 /weiguanjia/Home/UserManager/getVerify
INFO: [ app_init ] --START--
INFO: Run Behavior\BuildLiteBehavior [ RunTime:0.000045s ]
INFO: [ app_init ] --END-- [ RunTime:0.001024s ]

[ 2016-11-23T11:17:50+08:00 ] ::1 /weiguanjia/Home/UserManager/login
INFO: [ app_init ] --START--
INFO: Run Behavior\BuildLiteBehavior [ RunTime:0.000043s ]
INFO: [ app_init ] --END-- [ RunTime:0.000944s ]

[ 2016-11-23T11:18:36+08:00 ] ::1 /weiguanjia/Home/UserManager/login
INFO: [ app_init ] --START--
INFO: Run Behavior\BuildLiteBehavior [ RunTime:0.000034s ]
INFO: [ app_init ] --END-- [ RunTime:0.000916s ]

[ 2016-11-23T11:18:37+08:00 ] ::1 /weiguanjia/Home/UserManager/getVerify
INFO: [ app_init ] --START--
INFO: Run Behavior\BuildLiteBehavior [ RunTime:0.000036s ]
INFO: [ app_init ] --END-- [ RunTime:0.000803s ]

[ 2016-11-23T11:18:59+08:00 ] ::1 /weiguanjia/Home/UserManager/login
INFO: [ app_init ] --START--
INFO: Run Behavior\BuildLiteBehavior [ RunTime:0.000036s ]
INFO: [ app_init ] --END-- [ RunTime:0.000864s ]

[ 2016-11-23T11:18:59+08:00 ] ::1 /weiguanjia/Home/UserManager/getVerify
INFO: [ app_init ] --START--
INFO: Run Behavior\BuildLiteBehavior [ RunTime:0.000039s ]
INFO: [ app_init ] --END-- [ RunTime:0.001071s ]

[ 2016-11-23T11:24:05+08:00 ] ::1 /weiguanjia/Home/UserManager/loginPage
INFO: [ app_init ] --START--
INFO: Run Behavior\BuildLiteBehavior [ RunTime:0.000038s ]
INFO: [ app_init ] --END-- [ RunTime:0.000915s ]

[ 2016-11-23T11:24:05+08:00 ] ::1 /weiguanjia/Home/UserManager/getVerify
INFO: [ app_init ] --START--
INFO: Run Behavior\BuildLiteBehavior [ RunTime:0.000050s ]
INFO: [ app_init ] --END-- [ RunTime:0.000913s ]

[ 2016-11-23T11:24:26+08:00 ] ::1 /weiguanjia/Home/UserManager/login
INFO: [ app_init ] --START--
INFO: Run Behavior\BuildLiteBehavior [ RunTime:0.000051s ]
INFO: [ app_init ] --END-- [ RunTime:0.001225s ]

[ 2016-11-23T11:24:26+08:00 ] ::1 /weiguanjia/Home/UserManager/getVerify
INFO: [ app_init ] --START--
INFO: Run Behavior\BuildLiteBehavior [ RunTime:0.000040s ]
INFO: [ app_init ] --END-- [ RunTime:0.001274s ]

[ 2016-11-23T11:24:48+08:00 ] ::1 /weiguanjia/Home/UserManager/login
INFO: [ app_init ] --START--
INFO: Run Behavior\BuildLiteBehavior [ RunTime:0.000039s ]
INFO: [ app_init ] --END-- [ RunTime:0.001019s ]

[ 2016-11-23T11:24:48+08:00 ] ::1 /weiguanjia/Home/UserManager/getVerify
INFO: [ app_init ] --START--
INFO: Run Behavior\BuildLiteBehavior [ RunTime:0.000039s ]
INFO: [ app_init ] --END-- [ RunTime:0.000841s ]

[ 2016-11-23T11:25:09+08:00 ] ::1 /weiguanjia/Home/UserManager/login
INFO: [ app_init ] --START--
INFO: Run Behavior\BuildLiteBehavior [ RunTime:0.000041s ]
INFO: [ app_init ] --END-- [ RunTime:0.001288s ]

[ 2016-11-23T11:25:09+08:00 ] ::1 /weiguanjia/Home/UserManager/getVerify
INFO: [ app_init ] --START--
INFO: Run Behavior\BuildLiteBehavior [ RunTime:0.000067s ]
INFO: [ app_init ] --END-- [ RunTime:0.001338s ]

[ 2016-11-23T11:26:13+08:00 ] ::1 /weiguanjia/Home/UserManager/login
INFO: [ app_init ] --START--
INFO: Run Behavior\BuildLiteBehavior [ RunTime:0.000037s ]
INFO: [ app_init ] --END-- [ RunTime:0.000885s ]

[ 2016-11-23T11:26:13+08:00 ] ::1 /weiguanjia/Home/UserManager/getVerify
INFO: [ app_init ] --START--
INFO: Run Behavior\BuildLiteBehavior [ RunTime:0.000040s ]
INFO: [ app_init ] --END-- [ RunTime:0.000880s ]

[ 2016-11-23T11:26:41+08:00 ] ::1 /weiguanjia/Home/UserManager/login
INFO: [ app_init ] --START--
INFO: Run Behavior\BuildLiteBehavior [ RunTime:0.000066s ]
INFO: [ app_init ] --END-- [ RunTime:0.001394s ]

[ 2016-11-23T11:26:41+08:00 ] ::1 /weiguanjia/Home/UserManager/getVerify
INFO: [ app_init ] --START--
INFO: Run Behavior\BuildLiteBehavior [ RunTime:0.000133s ]
INFO: [ app_init ] --END-- [ RunTime:0.001897s ]

[ 2016-11-23T11:27:48+08:00 ] ::1 /weiguanjia/Home/UserManager/login
INFO: [ app_init ] --START--
INFO: Run Behavior\BuildLiteBehavior [ RunTime:0.000045s ]
INFO: [ app_init ] --END-- [ RunTime:0.001312s ]

[ 2016-11-23T11:27:48+08:00 ] ::1 /weiguanjia/Home/UserManager/getVerify
INFO: [ app_init ] --START--
INFO: Run Behavior\BuildLiteBehavior [ RunTime:0.000059s ]
INFO: [ app_init ] --END-- [ RunTime:0.000972s ]

[ 2016-11-23T11:28:51+08:00 ] ::1 /weiguanjia/Home/UserManager/login
INFO: [ app_init ] --START--
INFO: Run Behavior\BuildLiteBehavior [ RunTime:0.000063s ]
INFO: [ app_init ] --END-- [ RunTime:0.002199s ]

[ 2016-11-23T11:28:51+08:00 ] ::1 /weiguanjia/Home/UserManager/getVerify
INFO: [ app_init ] --START--
INFO: Run Behavior\BuildLiteBehavior [ RunTime:0.000067s ]
INFO: [ app_init ] --END-- [ RunTime:0.000915s ]

[ 2016-11-23T11:29:06+08:00 ] ::1 /weiguanjia/Home/UserManager/login
INFO: [ app_init ] --START--
INFO: Run Behavior\BuildLiteBehavior [ RunTime:0.000038s ]
INFO: [ app_init ] --END-- [ RunTime:0.000879s ]

[ 2016-11-23T11:29:06+08:00 ] ::1 /weiguanjia/Home/UserManager/getVerify
INFO: [ app_init ] --START--
INFO: Run Behavior\BuildLiteBehavior [ RunTime:0.000039s ]
INFO: [ app_init ] --END-- [ RunTime:0.000861s ]

[ 2016-11-23T11:29:22+08:00 ] ::1 /weiguanjia/Home/UserManager/login
INFO: [ app_init ] --START--
INFO: Run Behavior\BuildLiteBehavior [ RunTime:0.000037s ]
INFO: [ app_init ] --END-- [ RunTime:0.000852s ]

[ 2016-11-23T11:29:22+08:00 ] ::1 /weiguanjia/Home/UserManager/getVerify
INFO: [ app_init ] --START--
INFO: Run Behavior\BuildLiteBehavior [ RunTime:0.000045s ]
INFO: [ app_init ] --END-- [ RunTime:0.001202s ]

[ 2016-11-23T11:29:50+08:00 ] ::1 /weiguanjia/Home/UserManager/login
INFO: [ app_init ] --START--
INFO: Run Behavior\BuildLiteBehavior [ RunTime:0.000064s ]
INFO: [ app_init ] --END-- [ RunTime:0.002283s ]

[ 2016-11-23T11:29:50+08:00 ] ::1 /weiguanjia/Home/UserManager/getVerify
INFO: [ app_init ] --START--
INFO: Run Behavior\BuildLiteBehavior [ RunTime:0.000066s ]
INFO: [ app_init ] --END-- [ RunTime:0.001331s ]

[ 2016-11-23T11:31:57+08:00 ] ::1 /weiguanjia/Home/UserManager/login
INFO: [ app_init ] --START--
INFO: Run Behavior\BuildLiteBehavior [ RunTime:0.000040s ]
INFO: [ app_init ] --END-- [ RunTime:0.000995s ]
ERR: 模板不存在:./Application/Home/View/UserManager/index.html

[ 2016-11-23T11:32:27+08:00 ] ::1 /weiguanjia/Home/UserManager/login
INFO: [ app_init ] --START--
INFO: Run Behavior\BuildLiteBehavior [ RunTime:0.000070s ]
INFO: [ app_init ] --END-- [ RunTime:0.001125s ]

[ 2016-11-23T11:32:27+08:00 ] ::1 /weiguanjia/Home/UserManager/getVerify
INFO: [ app_init ] --START--
INFO: Run Behavior\BuildLiteBehavior [ RunTime:0.000046s ]
INFO: [ app_init ] --END-- [ RunTime:0.000891s ]

[ 2016-11-23T11:32:44+08:00 ] ::1 /weiguanjia/Home/UserManager/login
INFO: [ app_init ] --START--
INFO: Run Behavior\BuildLiteBehavior [ RunTime:0.000044s ]
INFO: [ app_init ] --END-- [ RunTime:0.001021s ]
ERR: 模板不存在:./Application/Home/View/../Index/index.html

[ 2016-11-23T11:33:56+08:00 ] ::1 /weiguanjia/Home/UserManager/login
INFO: [ app_init ] --START--
INFO: Run Behavior\BuildLiteBehavior [ RunTime:0.000042s ]
INFO: [ app_init ] --END-- [ RunTime:0.000890s ]

[ 2016-11-23T11:33:56+08:00 ] ::1 /weiguanjia/Home/UserManager/getVerify
INFO: [ app_init ] --START--
INFO: Run Behavior\BuildLiteBehavior [ RunTime:0.000040s ]
INFO: [ app_init ] --END-- [ RunTime:0.001018s ]

[ 2016-11-23T11:34:15+08:00 ] ::1 /weiguanjia/Home/UserManager/login
INFO: [ app_init ] --START--
INFO: Run Behavior\BuildLiteBehavior [ RunTime:0.000038s ]
INFO: [ app_init ] --END-- [ RunTime:0.000918s ]
ERR: 模板不存在:./Application/Home/View/home/index/index.html

[ 2016-11-23T11:34:45+08:00 ] ::1 /weiguanjia/Home/UserManager/login
INFO: [ app_init ] --START--
INFO: Run Behavior\BuildLiteBehavior [ RunTime:0.000087s ]
INFO: [ app_init ] --END-- [ RunTime:0.001590s ]

[ 2016-11-23T11:34:45+08:00 ] ::1 /weiguanjia/Home/UserManager/getVerify
INFO: [ app_init ] --START--
INFO: Run Behavior\BuildLiteBehavior [ RunTime:0.000046s ]
INFO: [ app_init ] --END-- [ RunTime:0.001325s ]

[ 2016-11-23T11:34:52+08:00 ] ::1 /weiguanjia/Home/UserManager/loginPage
INFO: [ app_init ] --START--
INFO: Run Behavior\BuildLiteBehavior [ RunTime:0.000057s ]
INFO: [ app_init ] --END-- [ RunTime:0.000924s ]

[ 2016-11-23T11:34:52+08:00 ] ::1 /weiguanjia/Home/UserManager/getVerify
INFO: [ app_init ] --START--
INFO: Run Behavior\BuildLiteBehavior [ RunTime:0.000044s ]
INFO: [ app_init ] --END-- [ RunTime:0.000875s ]

[ 2016-11-23T11:35:08+08:00 ] ::1 /weiguanjia/Home/UserManager/login
INFO: [ app_init ] --START--
INFO: Run Behavior\BuildLiteBehavior [ RunTime:0.000038s ]
INFO: [ app_init ] --END-- [ RunTime:0.000988s ]
ERR: 模板不存在:./Application/Home/View/__ROOT__/home/index/index.html

[ 2016-11-23T11:35:47+08:00 ] ::1 /weiguanjia/Home/UserManager/login
INFO: [ app_init ] --START--
INFO: Run Behavior\BuildLiteBehavior [ RunTime:0.000039s ]
INFO: [ app_init ] --END-- [ RunTime:0.001040s ]

[ 2016-11-23T11:35:48+08:00 ] ::1 /weiguanjia/Home/UserManager/getVerify
INFO: [ app_init ] --START--
INFO: Run Behavior\BuildLiteBehavior [ RunTime:0.000043s ]
INFO: [ app_init ] --END-- [ RunTime:0.000921s ]

[ 2016-11-23T11:35:55+08:00 ] ::1 /weiguanjia/Home/UserManager/loginPage
INFO: [ app_init ] --START--
INFO: Run Behavior\BuildLiteBehavior [ RunTime:0.000079s ]
INFO: [ app_init ] --END-- [ RunTime:0.001995s ]

[ 2016-11-23T11:35:55+08:00 ] ::1 /weiguanjia/Home/UserManager/getVerify
INFO: [ app_init ] --START--
INFO: Run Behavior\BuildLiteBehavior [ RunTime:0.000045s ]
INFO: [ app_init ] --END-- [ RunTime:0.000864s ]

[ 2016-11-23T11:36:11+08:00 ] ::1 /weiguanjia/Home/UserManager/login
INFO: [ app_init ] --START--
INFO: Run Behavior\BuildLiteBehavior [ RunTime:0.000069s ]
INFO: [ app_init ] --END-- [ RunTime:0.001172s ]
ERR: 模板不存在:./Application/Home/View/Home/Index/index.html

[ 2016-11-23T11:41:43+08:00 ] ::1 /weiguanjia/Home/UserManager/login
INFO: [ app_init ] --START--
INFO: Run Behavior\BuildLiteBehavior [ RunTime:0.000038s ]
INFO: [ app_init ] --END-- [ RunTime:0.000839s ]

[ 2016-11-23T11:42:04+08:00 ] ::1 /weiguanjia/Home/UserManager/loginPage
INFO: [ app_init ] --START--
INFO: Run Behavior\BuildLiteBehavior [ RunTime:0.000067s ]
INFO: [ app_init ] --END-- [ RunTime:0.001721s ]

[ 2016-11-23T11:42:05+08:00 ] ::1 /weiguanjia/Home/UserManager/getVerify
INFO: [ app_init ] --START--
INFO: Run Behavior\BuildLiteBehavior [ RunTime:0.000043s ]
INFO: [ app_init ] --END-- [ RunTime:0.000857s ]

[ 2016-11-23T11:42:23+08:00 ] ::1 /weiguanjia/Home/UserManager/login
INFO: [ app_init ] --START--
INFO: Run Behavior\BuildLiteBehavior [ RunTime:0.000043s ]
INFO: [ app_init ] --END-- [ RunTime:0.000883s ]

[ 2016-11-23T14:10:38+08:00 ] ::1 /weiguanjia/Home/UserManager/registerPage
INFO: [ app_init ] --START--
INFO: Run Behavior\BuildLiteBehavior [ RunTime:0.000037s ]
INFO: [ app_init ] --END-- [ RunTime:0.001228s ]

[ 2016-11-23T14:10:38+08:00 ] ::1 /weiguanjia/Home/UserManager/getVerify
INFO: [ app_init ] --START--
INFO: Run Behavior\BuildLiteBehavior [ RunTime:0.000045s ]
INFO: [ app_init ] --END-- [ RunTime:0.000908s ]

[ 2016-11-23T14:11:22+08:00 ] ::1 /weiguanjia/Home/UserManager/register
INFO: [ app_init ] --START--
INFO: Run Behavior\BuildLiteBehavior [ RunTime:0.000085s ]
INFO: [ app_init ] --END-- [ RunTime:0.001858s ]

[ 2016-11-23T14:11:22+08:00 ] ::1 /weiguanjia/Home/UserManager/getVerify
INFO: [ app_init ] --START--
INFO: Run Behavior\BuildLiteBehavior [ RunTime:0.000054s ]
INFO: [ app_init ] --END-- [ RunTime:0.001159s ]

[ 2016-11-23T14:11:51+08:00 ] ::1 /weiguanjia/Home/UserManager/loginPage
INFO: [ app_init ] --START--
INFO: Run Behavior\BuildLiteBehavior [ RunTime:0.000062s ]
INFO: [ app_init ] --END-- [ RunTime:0.001271s ]

[ 2016-11-23T14:11:51+08:00 ] ::1 /weiguanjia/Home/UserManager/getVerify
INFO: [ app_init ] --START--
INFO: Run Behavior\BuildLiteBehavior [ RunTime:0.000076s ]
INFO: [ app_init ] --END-- [ RunTime:0.001426s ]

[ 2016-11-23T14:12:06+08:00 ] ::1 /weiguanjia/Home/UserManager/registerPage
INFO: [ app_init ] --START--
INFO: Run Behavior\BuildLiteBehavior [ RunTime:0.000039s ]
INFO: [ app_init ] --END-- [ RunTime:0.000880s ]

[ 2016-11-23T14:12:06+08:00 ] ::1 /weiguanjia/Home/UserManager/getVerify
INFO: [ app_init ] --START--
INFO: Run Behavior\BuildLiteBehavior [ RunTime:0.000044s ]
INFO: [ app_init ] --END-- [ RunTime:0.002010s ]

[ 2016-11-23T14:12:25+08:00 ] ::1 /weiguanjia/Home/UserManager/register
INFO: [ app_init ] --START--
INFO: Run Behavior\BuildLiteBehavior [ RunTime:0.000042s ]
INFO: [ app_init ] --END-- [ RunTime:0.001114s ]

[ 2016-11-23T14:12:26+08:00 ] ::1 /weiguanjia/Home/UserManager/getVerify
INFO: [ app_init ] --START--
INFO: Run Behavior\BuildLiteBehavior [ RunTime:0.000077s ]
INFO: [ app_init ] --END-- [ RunTime:0.002134s ]

[ 2016-11-23T14:12:49+08:00 ] ::1 /weiguanjia/Home/UserManager/register
INFO: [ app_init ] --START--
INFO: Run Behavior\BuildLiteBehavior [ RunTime:0.000068s ]
INFO: [ app_init ] --END-- [ RunTime:0.000928s ]

[ 2016-11-23T14:12:52+08:00 ] ::1 /weiguanjia/Home/UserManager/loginPage
INFO: [ app_init ] --START--
INFO: Run Behavior\BuildLiteBehavior [ RunTime:0.000044s ]
INFO: [ app_init ] --END-- [ RunTime:0.000925s ]

[ 2016-11-23T14:12:52+08:00 ] ::1 /weiguanjia/Home/UserManager/getVerify
INFO: [ app_init ] --START--
INFO: Run Behavior\BuildLiteBehavior [ RunTime:0.000042s ]
INFO: [ app_init ] --END-- [ RunTime:0.000854s ]

[ 2016-11-23T14:14:54+08:00 ] ::1 /weiguanjia/Home/UserManager/loginPage
INFO: [ app_init ] --START--
INFO: Run Behavior\BuildLiteBehavior [ RunTime:0.000059s ]
INFO: [ app_init ] --END-- [ RunTime:0.000872s ]

[ 2016-11-23T14:14:54+08:00 ] ::1 /weiguanjia/Home/UserManager/getVerify
INFO: [ app_init ] --START--
INFO: Run Behavior\BuildLiteBehavior [ RunTime:0.000039s ]
INFO: [ app_init ] --END-- [ RunTime:0.000865s ]

[ 2016-11-23T14:15:17+08:00 ] ::1 /weiguanjia/Home/UserManager/loginPage
INFO: [ app_init ] --START--
INFO: Run Behavior\BuildLiteBehavior [ RunTime:0.000038s ]
INFO: [ app_init ] --END-- [ RunTime:0.000880s ]

[ 2016-11-23T14:15:18+08:00 ] ::1 /weiguanjia/Home/UserManager/getVerify
INFO: [ app_init ] --START--
INFO: Run Behavior\BuildLiteBehavior [ RunTime:0.000080s ]
INFO: [ app_init ] --END-- [ RunTime:0.001859s ]

