[ 2016-11-21T15:47:15+08:00 ] ::1 /weiguanjia/Public/js/project_center.js
INFO: [ app_init ] --START--
INFO: Run Behavior\BuildLiteBehavior [ RunTime:0.000030s ]
INFO: [ app_init ] --END-- [ RunTime:0.000674s ]
ERR: 无法加载模块:Public

[ 2016-11-21T15:48:37+08:00 ] ::1 /weiguanjia/Public/js/project_center.js
INFO: [ app_init ] --START--
INFO: Run Behavior\BuildLiteBehavior [ RunTime:0.000029s ]
INFO: [ app_init ] --END-- [ RunTime:0.000586s ]
ERR: 无法加载模块:Public

[ 2016-11-21T15:48:39+08:00 ] ::1 /weiguanjia/Public/js/project_center.js
INFO: [ app_init ] --START--
INFO: Run Behavior\BuildLiteBehavior [ RunTime:0.000057s ]
INFO: [ app_init ] --END-- [ RunTime:0.001039s ]
ERR: 无法加载模块:Public

[ 2016-11-21T15:53:54+08:00 ] ::1 /weiguanjia/Public/js/project_center.js
INFO: [ app_init ] --START--
INFO: Run Behavior\BuildLiteBehavior [ RunTime:0.000051s ]
INFO: [ app_init ] --END-- [ RunTime:0.000890s ]
ERR: 无法加载模块:Public

[ 2016-11-21T15:58:52+08:00 ] ::1 /weiguanjia/UserManager/loginPage
INFO: [ app_init ] --START--
INFO: Run Behavior\BuildLiteBehavior [ RunTime:0.000046s ]
INFO: [ app_init ] --END-- [ RunTime:0.000744s ]
ERR: 无法加载模块:UserManager

